2023-12-10 01:40:49,431 - 二维码小工具-v3.3-BUCTPJP[LSG].pyw[line:513] - <module> - INFO: ---GUI加载成功，程序启动---正在加载必要功能---
2023-12-10 01:40:49,431 - 二维码小工具-v3.3-BUCTPJP[LSG].pyw[line:515] - <module> - INFO: ---帮助模块加载完成---
2023-12-10 01:40:49,432 - 二维码小工具-v3.3-BUCTPJP[LSG].pyw[line:518] - <module> - INFO: ---反馈模块加载完成---
2023-12-10 01:40:49,432 - 二维码小工具-v3.3-BUCTPJP[LSG].pyw[line:521] - <module> - INFO: ---WIFI模块加载完成---
2023-12-10 08:46:11,383 - 二维码小工具-v3.3-BUCTPJP[LSG].pyw[line:532] - <module> - INFO: ---日志模块加载完成---
2023-12-10 08:46:11,384 - 二维码小工具-v3.3-BUCTPJP[LSG].pyw[line:533] - <module> - INFO: ---GUI加载成功，程序启动---正在加载必要功能---
2023-12-10 08:46:11,384 - 二维码小工具-v3.3-BUCTPJP[LSG].pyw[line:535] - <module> - INFO: ---帮助模块加载完成---
2023-12-10 08:46:11,384 - 二维码小工具-v3.3-BUCTPJP[LSG].pyw[line:538] - <module> - INFO: ---反馈模块加载完成---
2023-12-10 08:46:11,384 - 二维码小工具-v3.3-BUCTPJP[LSG].pyw[line:541] - <module> - INFO: ---WIFI模块加载完成---
2023-12-10 08:46:22,939 - 二维码小工具-v3.3-BUCTPJP[LSG].pyw[line:335] - getwifi - INFO: 开始查找本机连接过WIFI信息
2023-12-10 08:46:26,742 - 二维码小工具-v3.3-BUCTPJP[LSG].pyw[line:350] - getwifi - INFO: 获取到8条WIFI信息
2023-12-10 08:51:48,744 - 二维码小工具-v3.3-BUCTPJP[LSG].pyw[line:532] - <module> - INFO: ---日志模块加载完成---
2023-12-10 08:51:48,744 - 二维码小工具-v3.3-BUCTPJP[LSG].pyw[line:533] - <module> - INFO: ---GUI加载成功，程序启动---正在加载必要功能---
2023-12-10 08:51:48,744 - 二维码小工具-v3.3-BUCTPJP[LSG].pyw[line:535] - <module> - INFO: ---帮助模块加载完成---
2023-12-10 08:51:48,745 - 二维码小工具-v3.3-BUCTPJP[LSG].pyw[line:538] - <module> - INFO: ---反馈模块加载完成---
2023-12-10 08:51:48,745 - 二维码小工具-v3.3-BUCTPJP[LSG].pyw[line:541] - <module> - INFO: ---WIFI模块加载完成---
2023-12-10 08:51:52,998 - 二维码小工具-v3.3-BUCTPJP[LSG].pyw[line:335] - getwifi - INFO: 开始查找本机连接过WIFI信息
2023-12-10 08:51:56,701 - 二维码小工具-v3.3-BUCTPJP[LSG].pyw[line:350] - getwifi - INFO: 获取到8条WIFI信息
2023-12-10 08:58:29,228 - 二维码小工具-v3.3-BUCTPJP[LSG].pyw[line:545] - <module> - INFO: ---日志模块加载完成---
2023-12-10 08:58:29,228 - 二维码小工具-v3.3-BUCTPJP[LSG].pyw[line:546] - <module> - INFO: ---GUI加载成功，程序启动---正在加载必要功能---
2023-12-10 08:58:29,228 - 二维码小工具-v3.3-BUCTPJP[LSG].pyw[line:548] - <module> - INFO: ---帮助模块加载完成---
2023-12-10 08:58:29,228 - 二维码小工具-v3.3-BUCTPJP[LSG].pyw[line:551] - <module> - INFO: ---反馈模块加载完成---
2023-12-10 08:58:29,228 - 二维码小工具-v3.3-BUCTPJP[LSG].pyw[line:554] - <module> - INFO: ---WIFI模块加载完成---
2023-12-10 08:58:36,015 - 二维码小工具-v3.3-BUCTPJP[LSG].pyw[line:63] - produce - ERROR: 用户未选择生成模式
2023-12-10 08:58:37,211 - 二维码小工具-v3.3-BUCTPJP[LSG].pyw[line:47] - produce - INFO: 用户选择 模式一
2023-12-10 08:58:37,317 - 二维码小工具-v3.3-BUCTPJP[LSG].pyw[line:313] - p_vew - INFO: ++创建临时文件夹++
2023-12-10 08:58:37,376 - 二维码小工具-v3.3-BUCTPJP[LSG].pyw[line:315] - p_vew - INFO: ++将图片保存为临时文件++
2023-12-10 08:58:37,378 - 二维码小工具-v3.3-BUCTPJP[LSG].pyw[line:319] - p_vew - INFO: ++清除临时文件夹++
2023-12-10 08:58:56,368 - 二维码小工具-v3.3-BUCTPJP[LSG].pyw[line:545] - <module> - INFO: ---日志模块加载完成---
2023-12-10 08:58:56,369 - 二维码小工具-v3.3-BUCTPJP[LSG].pyw[line:546] - <module> - INFO: ---GUI加载成功，程序启动---正在加载必要功能---
2023-12-10 08:58:56,369 - 二维码小工具-v3.3-BUCTPJP[LSG].pyw[line:548] - <module> - INFO: ---帮助模块加载完成---
2023-12-10 08:58:56,369 - 二维码小工具-v3.3-BUCTPJP[LSG].pyw[line:551] - <module> - INFO: ---反馈模块加载完成---
2023-12-10 08:58:56,369 - 二维码小工具-v3.3-BUCTPJP[LSG].pyw[line:554] - <module> - INFO: ---WIFI模块加载完成---
2023-12-10 08:59:00,917 - 二维码小工具-v3.3-BUCTPJP[LSG].pyw[line:47] - produce - INFO: 用户选择 模式一
2023-12-10 08:59:01,018 - 二维码小工具-v3.3-BUCTPJP[LSG].pyw[line:313] - p_vew - INFO: ++创建临时文件夹++
2023-12-10 08:59:01,068 - 二维码小工具-v3.3-BUCTPJP[LSG].pyw[line:315] - p_vew - INFO: ++将图片保存为临时文件++
2023-12-10 08:59:01,072 - 二维码小工具-v3.3-BUCTPJP[LSG].pyw[line:319] - p_vew - INFO: ++清除临时文件夹++
2023-12-10 08:59:11,637 - 二维码小工具-v3.3-BUCTPJP[LSG].pyw[line:287] - save - WARNING: 用户未选择路径退出
2023-12-10 08:59:55,057 - 二维码小工具-v3.3-BUCTPJP[LSG].pyw[line:545] - <module> - INFO: ---日志模块加载完成---
2023-12-10 08:59:55,058 - 二维码小工具-v3.3-BUCTPJP[LSG].pyw[line:546] - <module> - INFO: ---GUI加载成功，程序启动---正在加载必要功能---
2023-12-10 08:59:55,058 - 二维码小工具-v3.3-BUCTPJP[LSG].pyw[line:548] - <module> - INFO: ---帮助模块加载完成---
2023-12-10 08:59:55,058 - 二维码小工具-v3.3-BUCTPJP[LSG].pyw[line:551] - <module> - INFO: ---反馈模块加载完成---
2023-12-10 08:59:55,058 - 二维码小工具-v3.3-BUCTPJP[LSG].pyw[line:554] - <module> - INFO: ---WIFI模块加载完成---
2023-12-10 08:59:59,393 - 二维码小工具-v3.3-BUCTPJP[LSG].pyw[line:47] - produce - INFO: 用户选择 模式一
2023-12-10 08:59:59,499 - 二维码小工具-v3.3-BUCTPJP[LSG].pyw[line:313] - p_vew - INFO: ++创建临时文件夹++
2023-12-10 08:59:59,550 - 二维码小工具-v3.3-BUCTPJP[LSG].pyw[line:315] - p_vew - INFO: ++将图片保存为临时文件++
2023-12-10 08:59:59,552 - 二维码小工具-v3.3-BUCTPJP[LSG].pyw[line:319] - p_vew - INFO: ++清除临时文件夹++
2023-12-10 09:01:55,229 - 二维码小工具-v3.3-BUCTPJP[LSG].pyw[line:545] - <module> - INFO: ---日志模块加载完成---
2023-12-10 09:01:55,230 - 二维码小工具-v3.3-BUCTPJP[LSG].pyw[line:546] - <module> - INFO: ---GUI加载成功，程序启动---正在加载必要功能---
2023-12-10 09:01:55,230 - 二维码小工具-v3.3-BUCTPJP[LSG].pyw[line:548] - <module> - INFO: ---帮助模块加载完成---
2023-12-10 09:01:55,230 - 二维码小工具-v3.3-BUCTPJP[LSG].pyw[line:551] - <module> - INFO: ---反馈模块加载完成---
2023-12-10 09:01:55,230 - 二维码小工具-v3.3-BUCTPJP[LSG].pyw[line:554] - <module> - INFO: ---WIFI模块加载完成---
2023-12-10 09:01:59,273 - 二维码小工具-v3.3-BUCTPJP[LSG].pyw[line:47] - produce - INFO: 用户选择 模式一
2023-12-10 09:01:59,376 - 二维码小工具-v3.3-BUCTPJP[LSG].pyw[line:313] - p_vew - INFO: ++创建临时文件夹++
2023-12-10 09:01:59,428 - 二维码小工具-v3.3-BUCTPJP[LSG].pyw[line:315] - p_vew - INFO: ++将图片保存为临时文件++
2023-12-10 09:01:59,431 - 二维码小工具-v3.3-BUCTPJP[LSG].pyw[line:319] - p_vew - INFO: ++清除临时文件夹++
2023-12-10 09:03:03,666 - 二维码小工具-v3.3-BUCTPJP[LSG].pyw[line:545] - <module> - INFO: ---日志模块加载完成---
2023-12-10 09:03:03,666 - 二维码小工具-v3.3-BUCTPJP[LSG].pyw[line:546] - <module> - INFO: ---GUI加载成功，程序启动---正在加载必要功能---
2023-12-10 09:03:03,666 - 二维码小工具-v3.3-BUCTPJP[LSG].pyw[line:548] - <module> - INFO: ---帮助模块加载完成---
2023-12-10 09:03:03,666 - 二维码小工具-v3.3-BUCTPJP[LSG].pyw[line:551] - <module> - INFO: ---反馈模块加载完成---
2023-12-10 09:03:03,667 - 二维码小工具-v3.3-BUCTPJP[LSG].pyw[line:554] - <module> - INFO: ---WIFI模块加载完成---
2023-12-10 09:03:07,692 - 二维码小工具-v3.3-BUCTPJP[LSG].pyw[line:47] - produce - INFO: 用户选择 模式一
2023-12-10 09:03:07,799 - 二维码小工具-v3.3-BUCTPJP[LSG].pyw[line:313] - p_vew - INFO: ++创建临时文件夹++
2023-12-10 09:03:07,853 - 二维码小工具-v3.3-BUCTPJP[LSG].pyw[line:315] - p_vew - INFO: ++将图片保存为临时文件++
2023-12-10 09:03:07,855 - 二维码小工具-v3.3-BUCTPJP[LSG].pyw[line:319] - p_vew - INFO: ++清除临时文件夹++
2023-12-10 09:04:13,433 - 二维码小工具-v3.3-BUCTPJP[LSG].pyw[line:545] - <module> - INFO: ---日志模块加载完成---
2023-12-10 09:04:13,433 - 二维码小工具-v3.3-BUCTPJP[LSG].pyw[line:546] - <module> - INFO: ---GUI加载成功，程序启动---正在加载必要功能---
2023-12-10 09:04:13,434 - 二维码小工具-v3.3-BUCTPJP[LSG].pyw[line:548] - <module> - INFO: ---帮助模块加载完成---
2023-12-10 09:04:13,434 - 二维码小工具-v3.3-BUCTPJP[LSG].pyw[line:551] - <module> - INFO: ---反馈模块加载完成---
2023-12-10 09:04:13,434 - 二维码小工具-v3.3-BUCTPJP[LSG].pyw[line:554] - <module> - INFO: ---WIFI模块加载完成---
2023-12-10 09:04:16,939 - 二维码小工具-v3.3-BUCTPJP[LSG].pyw[line:47] - produce - INFO: 用户选择 模式一
2023-12-10 09:04:17,043 - 二维码小工具-v3.3-BUCTPJP[LSG].pyw[line:313] - p_vew - INFO: ++创建临时文件夹++
2023-12-10 09:04:17,095 - 二维码小工具-v3.3-BUCTPJP[LSG].pyw[line:315] - p_vew - INFO: ++将图片保存为临时文件++
2023-12-10 09:04:17,098 - 二维码小工具-v3.3-BUCTPJP[LSG].pyw[line:319] - p_vew - INFO: ++清除临时文件夹++
2023-12-10 09:04:58,518 - 二维码小工具-v3.3-BUCTPJP[LSG].pyw[line:545] - <module> - INFO: ---日志模块加载完成---
2023-12-10 09:04:58,518 - 二维码小工具-v3.3-BUCTPJP[LSG].pyw[line:546] - <module> - INFO: ---GUI加载成功，程序启动---正在加载必要功能---
2023-12-10 09:04:58,518 - 二维码小工具-v3.3-BUCTPJP[LSG].pyw[line:548] - <module> - INFO: ---帮助模块加载完成---
2023-12-10 09:04:58,519 - 二维码小工具-v3.3-BUCTPJP[LSG].pyw[line:551] - <module> - INFO: ---反馈模块加载完成---
2023-12-10 09:04:58,519 - 二维码小工具-v3.3-BUCTPJP[LSG].pyw[line:554] - <module> - INFO: ---WIFI模块加载完成---
2023-12-10 09:05:02,028 - 二维码小工具-v3.3-BUCTPJP[LSG].pyw[line:47] - produce - INFO: 用户选择 模式一
2023-12-10 09:05:02,132 - 二维码小工具-v3.3-BUCTPJP[LSG].pyw[line:313] - p_vew - INFO: ++创建临时文件夹++
2023-12-10 09:07:39,830 - 二维码小工具-v3.3-BUCTPJP[LSG].pyw[line:546] - <module> - INFO: ---日志模块加载完成---
2023-12-10 09:07:39,831 - 二维码小工具-v3.3-BUCTPJP[LSG].pyw[line:547] - <module> - INFO: ---GUI加载成功，程序启动---正在加载必要功能---
2023-12-10 09:07:39,831 - 二维码小工具-v3.3-BUCTPJP[LSG].pyw[line:549] - <module> - INFO: ---帮助模块加载完成---
2023-12-10 09:07:39,831 - 二维码小工具-v3.3-BUCTPJP[LSG].pyw[line:552] - <module> - INFO: ---反馈模块加载完成---
2023-12-10 09:07:39,831 - 二维码小工具-v3.3-BUCTPJP[LSG].pyw[line:555] - <module> - INFO: ---WIFI模块加载完成---
2023-12-10 09:07:45,267 - 二维码小工具-v3.3-BUCTPJP[LSG].pyw[line:47] - produce - INFO: 用户选择 模式一
2023-12-10 09:07:45,369 - 二维码小工具-v3.3-BUCTPJP[LSG].pyw[line:314] - p_vew - INFO: ++创建临时文件夹++
2023-12-10 09:10:46,856 - 二维码小工具-v3.3-BUCTPJP[LSG].pyw[line:546] - <module> - INFO: ---日志模块加载完成---
2023-12-10 09:10:46,856 - 二维码小工具-v3.3-BUCTPJP[LSG].pyw[line:547] - <module> - INFO: ---GUI加载成功，程序启动---正在加载必要功能---
2023-12-10 09:10:46,856 - 二维码小工具-v3.3-BUCTPJP[LSG].pyw[line:549] - <module> - INFO: ---帮助模块加载完成---
2023-12-10 09:10:46,857 - 二维码小工具-v3.3-BUCTPJP[LSG].pyw[line:552] - <module> - INFO: ---反馈模块加载完成---
2023-12-10 09:10:46,857 - 二维码小工具-v3.3-BUCTPJP[LSG].pyw[line:555] - <module> - INFO: ---WIFI模块加载完成---
2023-12-10 09:10:57,930 - 二维码小工具-v3.3-BUCTPJP[LSG].pyw[line:47] - produce - INFO: 用户选择 模式一
2023-12-10 09:10:58,030 - 二维码小工具-v3.3-BUCTPJP[LSG].pyw[line:314] - p_vew - INFO: ++创建临时文件夹++
2023-12-10 09:10:58,082 - 二维码小工具-v3.3-BUCTPJP[LSG].pyw[line:316] - p_vew - INFO: ++将图片保存为临时文件++
2023-12-10 09:10:58,084 - 二维码小工具-v3.3-BUCTPJP[LSG].pyw[line:320] - p_vew - INFO: ++清除临时文件夹++
2023-12-10 09:13:14,792 - 二维码小工具-v3.3-BUCTPJP[LSG].pyw[line:546] - <module> - INFO: ---日志模块加载完成---
2023-12-10 09:13:14,793 - 二维码小工具-v3.3-BUCTPJP[LSG].pyw[line:547] - <module> - INFO: ---GUI加载成功，程序启动---正在加载必要功能---
2023-12-10 09:13:14,793 - 二维码小工具-v3.3-BUCTPJP[LSG].pyw[line:549] - <module> - INFO: ---帮助模块加载完成---
2023-12-10 09:13:14,793 - 二维码小工具-v3.3-BUCTPJP[LSG].pyw[line:552] - <module> - INFO: ---反馈模块加载完成---
2023-12-10 09:13:14,793 - 二维码小工具-v3.3-BUCTPJP[LSG].pyw[line:555] - <module> - INFO: ---WIFI模块加载完成---
2023-12-10 09:13:18,961 - 二维码小工具-v3.3-BUCTPJP[LSG].pyw[line:47] - produce - INFO: 用户选择 模式一
2023-12-10 09:13:19,062 - 二维码小工具-v3.3-BUCTPJP[LSG].pyw[line:314] - p_vew - INFO: ++创建临时文件夹++
2023-12-10 09:13:19,113 - 二维码小工具-v3.3-BUCTPJP[LSG].pyw[line:316] - p_vew - INFO: ++将图片保存为临时文件++
2023-12-10 09:13:19,115 - 二维码小工具-v3.3-BUCTPJP[LSG].pyw[line:320] - p_vew - INFO: ++清除临时文件夹++
2023-12-10 09:15:35,352 - 二维码小工具-v3.3-BUCTPJP[LSG].pyw[line:546] - <module> - INFO: ---日志模块加载完成---
2023-12-10 09:15:35,353 - 二维码小工具-v3.3-BUCTPJP[LSG].pyw[line:547] - <module> - INFO: ---GUI加载成功，程序启动---正在加载必要功能---
2023-12-10 09:15:35,353 - 二维码小工具-v3.3-BUCTPJP[LSG].pyw[line:549] - <module> - INFO: ---帮助模块加载完成---
2023-12-10 09:15:35,353 - 二维码小工具-v3.3-BUCTPJP[LSG].pyw[line:552] - <module> - INFO: ---反馈模块加载完成---
2023-12-10 09:15:35,353 - 二维码小工具-v3.3-BUCTPJP[LSG].pyw[line:555] - <module> - INFO: ---WIFI模块加载完成---
2023-12-10 09:15:39,908 - 二维码小工具-v3.3-BUCTPJP[LSG].pyw[line:47] - produce - INFO: 用户选择 模式一
2023-12-10 09:15:40,015 - 二维码小工具-v3.3-BUCTPJP[LSG].pyw[line:314] - p_vew - INFO: ++创建临时文件夹++
2023-12-10 09:15:40,067 - 二维码小工具-v3.3-BUCTPJP[LSG].pyw[line:316] - p_vew - INFO: ++将图片保存为临时文件++
2023-12-10 09:15:40,070 - 二维码小工具-v3.3-BUCTPJP[LSG].pyw[line:320] - p_vew - INFO: ++清除临时文件夹++
2023-12-10 09:18:01,783 - 二维码小工具-v3.3-BUCTPJP[LSG].pyw[line:549] - <module> - INFO: ---日志模块加载完成---
2023-12-10 09:18:01,783 - 二维码小工具-v3.3-BUCTPJP[LSG].pyw[line:550] - <module> - INFO: ---GUI加载成功，程序启动---正在加载必要功能---
2023-12-10 09:18:01,783 - 二维码小工具-v3.3-BUCTPJP[LSG].pyw[line:552] - <module> - INFO: ---帮助模块加载完成---
2023-12-10 09:18:01,783 - 二维码小工具-v3.3-BUCTPJP[LSG].pyw[line:555] - <module> - INFO: ---反馈模块加载完成---
2023-12-10 09:18:01,783 - 二维码小工具-v3.3-BUCTPJP[LSG].pyw[line:558] - <module> - INFO: ---WIFI模块加载完成---
2023-12-10 09:18:06,284 - 二维码小工具-v3.3-BUCTPJP[LSG].pyw[line:47] - produce - INFO: 用户选择 模式一
2023-12-10 09:18:06,390 - 二维码小工具-v3.3-BUCTPJP[LSG].pyw[line:317] - p_vew - INFO: ++创建临时文件夹++
2023-12-10 09:18:06,439 - 二维码小工具-v3.3-BUCTPJP[LSG].pyw[line:319] - p_vew - INFO: ++将图片保存为临时文件++
2023-12-10 09:18:06,442 - 二维码小工具-v3.3-BUCTPJP[LSG].pyw[line:323] - p_vew - INFO: ++清除临时文件夹++
2023-12-10 09:18:36,543 - 二维码小工具-v3.3-BUCTPJP[LSG].pyw[line:549] - <module> - INFO: ---日志模块加载完成---
2023-12-10 09:18:36,544 - 二维码小工具-v3.3-BUCTPJP[LSG].pyw[line:550] - <module> - INFO: ---GUI加载成功，程序启动---正在加载必要功能---
2023-12-10 09:18:36,544 - 二维码小工具-v3.3-BUCTPJP[LSG].pyw[line:552] - <module> - INFO: ---帮助模块加载完成---
2023-12-10 09:18:36,544 - 二维码小工具-v3.3-BUCTPJP[LSG].pyw[line:555] - <module> - INFO: ---反馈模块加载完成---
2023-12-10 09:18:36,544 - 二维码小工具-v3.3-BUCTPJP[LSG].pyw[line:558] - <module> - INFO: ---WIFI模块加载完成---
2023-12-10 09:18:41,215 - 二维码小工具-v3.3-BUCTPJP[LSG].pyw[line:47] - produce - INFO: 用户选择 模式一
2023-12-10 09:19:32,132 - 二维码小工具-v3.3-BUCTPJP[LSG].pyw[line:549] - <module> - INFO: ---日志模块加载完成---
2023-12-10 09:19:32,133 - 二维码小工具-v3.3-BUCTPJP[LSG].pyw[line:550] - <module> - INFO: ---GUI加载成功，程序启动---正在加载必要功能---
2023-12-10 09:19:32,133 - 二维码小工具-v3.3-BUCTPJP[LSG].pyw[line:552] - <module> - INFO: ---帮助模块加载完成---
2023-12-10 09:19:32,133 - 二维码小工具-v3.3-BUCTPJP[LSG].pyw[line:555] - <module> - INFO: ---反馈模块加载完成---
2023-12-10 09:19:32,133 - 二维码小工具-v3.3-BUCTPJP[LSG].pyw[line:558] - <module> - INFO: ---WIFI模块加载完成---
2023-12-10 09:19:35,370 - 二维码小工具-v3.3-BUCTPJP[LSG].pyw[line:47] - produce - INFO: 用户选择 模式一
2023-12-10 09:19:52,117 - 二维码小工具-v3.3-BUCTPJP[LSG].pyw[line:549] - <module> - INFO: ---日志模块加载完成---
2023-12-10 09:19:52,117 - 二维码小工具-v3.3-BUCTPJP[LSG].pyw[line:550] - <module> - INFO: ---GUI加载成功，程序启动---正在加载必要功能---
2023-12-10 09:19:52,117 - 二维码小工具-v3.3-BUCTPJP[LSG].pyw[line:552] - <module> - INFO: ---帮助模块加载完成---
2023-12-10 09:19:52,118 - 二维码小工具-v3.3-BUCTPJP[LSG].pyw[line:555] - <module> - INFO: ---反馈模块加载完成---
2023-12-10 09:19:52,118 - 二维码小工具-v3.3-BUCTPJP[LSG].pyw[line:558] - <module> - INFO: ---WIFI模块加载完成---
2023-12-10 09:19:55,313 - 二维码小工具-v3.3-BUCTPJP[LSG].pyw[line:47] - produce - INFO: 用户选择 模式一
2023-12-10 09:19:55,416 - 二维码小工具-v3.3-BUCTPJP[LSG].pyw[line:317] - p_vew - INFO: ++创建临时文件夹++
2023-12-10 09:21:20,736 - 二维码小工具-v3.3-BUCTPJP[LSG].pyw[line:550] - <module> - INFO: ---日志模块加载完成---
2023-12-10 09:21:20,736 - 二维码小工具-v3.3-BUCTPJP[LSG].pyw[line:551] - <module> - INFO: ---GUI加载成功，程序启动---正在加载必要功能---
2023-12-10 09:21:20,736 - 二维码小工具-v3.3-BUCTPJP[LSG].pyw[line:553] - <module> - INFO: ---帮助模块加载完成---
2023-12-10 09:21:20,736 - 二维码小工具-v3.3-BUCTPJP[LSG].pyw[line:556] - <module> - INFO: ---反馈模块加载完成---
2023-12-10 09:21:20,737 - 二维码小工具-v3.3-BUCTPJP[LSG].pyw[line:559] - <module> - INFO: ---WIFI模块加载完成---
2023-12-10 09:21:29,393 - 二维码小工具-v3.3-BUCTPJP[LSG].pyw[line:47] - produce - INFO: 用户选择 模式一
2023-12-10 09:21:29,499 - 二维码小工具-v3.3-BUCTPJP[LSG].pyw[line:317] - p_vew - INFO: ++创建临时文件夹++
2023-12-10 09:21:29,553 - 二维码小工具-v3.3-BUCTPJP[LSG].pyw[line:319] - p_vew - INFO: ++将图片保存为临时文件++
2023-12-10 09:21:29,556 - 二维码小工具-v3.3-BUCTPJP[LSG].pyw[line:323] - p_vew - INFO: ++清除临时文件夹++
2023-12-10 09:22:16,161 - 二维码小工具-v3.3-BUCTPJP[LSG].pyw[line:551] - <module> - INFO: ---日志模块加载完成---
2023-12-10 09:22:16,162 - 二维码小工具-v3.3-BUCTPJP[LSG].pyw[line:552] - <module> - INFO: ---GUI加载成功，程序启动---正在加载必要功能---
2023-12-10 09:22:16,162 - 二维码小工具-v3.3-BUCTPJP[LSG].pyw[line:554] - <module> - INFO: ---帮助模块加载完成---
2023-12-10 09:22:16,162 - 二维码小工具-v3.3-BUCTPJP[LSG].pyw[line:557] - <module> - INFO: ---反馈模块加载完成---
2023-12-10 09:22:16,162 - 二维码小工具-v3.3-BUCTPJP[LSG].pyw[line:560] - <module> - INFO: ---WIFI模块加载完成---
2023-12-10 09:22:20,037 - 二维码小工具-v3.3-BUCTPJP[LSG].pyw[line:67] - produce - ERROR: 用户未选择生成模式
2023-12-10 09:22:21,362 - 二维码小工具-v3.3-BUCTPJP[LSG].pyw[line:47] - produce - INFO: 用户选择 模式一
2023-12-10 09:22:21,466 - 二维码小工具-v3.3-BUCTPJP[LSG].pyw[line:317] - p_vew - INFO: ++创建临时文件夹++
2023-12-10 09:22:21,516 - 二维码小工具-v3.3-BUCTPJP[LSG].pyw[line:319] - p_vew - INFO: ++将图片保存为临时文件++
2023-12-10 09:22:21,519 - 二维码小工具-v3.3-BUCTPJP[LSG].pyw[line:323] - p_vew - INFO: ++清除临时文件夹++
2023-12-10 09:23:08,952 - 二维码小工具-v3.3-BUCTPJP[LSG].pyw[line:550] - <module> - INFO: ---日志模块加载完成---
2023-12-10 09:23:08,953 - 二维码小工具-v3.3-BUCTPJP[LSG].pyw[line:551] - <module> - INFO: ---GUI加载成功，程序启动---正在加载必要功能---
2023-12-10 09:23:08,953 - 二维码小工具-v3.3-BUCTPJP[LSG].pyw[line:553] - <module> - INFO: ---帮助模块加载完成---
2023-12-10 09:23:08,953 - 二维码小工具-v3.3-BUCTPJP[LSG].pyw[line:556] - <module> - INFO: ---反馈模块加载完成---
2023-12-10 09:23:08,953 - 二维码小工具-v3.3-BUCTPJP[LSG].pyw[line:559] - <module> - INFO: ---WIFI模块加载完成---
2023-12-10 09:28:59,443 - 二维码小工具-v3.3-BUCTPJP[LSG].pyw[line:545] - <module> - INFO: ---日志模块加载完成---
2023-12-10 09:28:59,444 - 二维码小工具-v3.3-BUCTPJP[LSG].pyw[line:546] - <module> - INFO: ---GUI加载成功，程序启动---正在加载必要功能---
2023-12-10 09:28:59,444 - 二维码小工具-v3.3-BUCTPJP[LSG].pyw[line:548] - <module> - INFO: ---帮助模块加载完成---
2023-12-10 09:28:59,444 - 二维码小工具-v3.3-BUCTPJP[LSG].pyw[line:551] - <module> - INFO: ---反馈模块加载完成---
2023-12-10 09:28:59,444 - 二维码小工具-v3.3-BUCTPJP[LSG].pyw[line:554] - <module> - INFO: ---WIFI模块加载完成---
2023-12-10 09:29:37,051 - 二维码小工具-v3.3-BUCTPJP[LSG].pyw[line:345] - getwifi - INFO: 开始查找本机连接过WIFI信息
2023-12-10 09:29:41,494 - 二维码小工具-v3.3-BUCTPJP[LSG].pyw[line:360] - getwifi - INFO: 获取到8条WIFI信息
2023-12-10 09:30:05,511 - 二维码小工具-v3.3-BUCTPJP[LSG].pyw[line:545] - <module> - INFO: ---日志模块加载完成---
2023-12-10 09:30:05,512 - 二维码小工具-v3.3-BUCTPJP[LSG].pyw[line:546] - <module> - INFO: ---GUI加载成功，程序启动---正在加载必要功能---
2023-12-10 09:30:05,512 - 二维码小工具-v3.3-BUCTPJP[LSG].pyw[line:548] - <module> - INFO: ---帮助模块加载完成---
2023-12-10 09:30:05,512 - 二维码小工具-v3.3-BUCTPJP[LSG].pyw[line:551] - <module> - INFO: ---反馈模块加载完成---
2023-12-10 09:30:05,512 - 二维码小工具-v3.3-BUCTPJP[LSG].pyw[line:554] - <module> - INFO: ---WIFI模块加载完成---
2023-12-10 09:30:18,287 - 二维码小工具-v3.3-BUCTPJP[LSG].pyw[line:545] - <module> - INFO: ---日志模块加载完成---
2023-12-10 09:30:18,287 - 二维码小工具-v3.3-BUCTPJP[LSG].pyw[line:546] - <module> - INFO: ---GUI加载成功，程序启动---正在加载必要功能---
2023-12-10 09:30:18,288 - 二维码小工具-v3.3-BUCTPJP[LSG].pyw[line:548] - <module> - INFO: ---帮助模块加载完成---
2023-12-10 09:30:18,288 - 二维码小工具-v3.3-BUCTPJP[LSG].pyw[line:551] - <module> - INFO: ---反馈模块加载完成---
2023-12-10 09:30:18,288 - 二维码小工具-v3.3-BUCTPJP[LSG].pyw[line:554] - <module> - INFO: ---WIFI模块加载完成---
2023-12-10 09:30:25,420 - 二维码小工具-v3.3-BUCTPJP[LSG].pyw[line:345] - getwifi - INFO: 开始查找本机连接过WIFI信息
2023-12-10 09:30:28,829 - 二维码小工具-v3.3-BUCTPJP[LSG].pyw[line:360] - getwifi - INFO: 获取到8条WIFI信息
2023-12-10 09:31:10,145 - 二维码小工具-v3.3-BUCTPJP[LSG].pyw[line:545] - <module> - INFO: ---日志模块加载完成---
2023-12-10 09:31:10,145 - 二维码小工具-v3.3-BUCTPJP[LSG].pyw[line:546] - <module> - INFO: ---GUI加载成功，程序启动---正在加载必要功能---
2023-12-10 09:31:10,146 - 二维码小工具-v3.3-BUCTPJP[LSG].pyw[line:548] - <module> - INFO: ---帮助模块加载完成---
2023-12-10 09:31:10,146 - 二维码小工具-v3.3-BUCTPJP[LSG].pyw[line:551] - <module> - INFO: ---反馈模块加载完成---
2023-12-10 09:31:10,146 - 二维码小工具-v3.3-BUCTPJP[LSG].pyw[line:554] - <module> - INFO: ---WIFI模块加载完成---
2023-12-10 09:31:13,932 - 二维码小工具-v3.3-BUCTPJP[LSG].pyw[line:345] - getwifi - INFO: 开始查找本机连接过WIFI信息
2023-12-10 09:31:18,067 - 二维码小工具-v3.3-BUCTPJP[LSG].pyw[line:360] - getwifi - INFO: 获取到8条WIFI信息
2023-12-10 09:31:20,400 - 二维码小工具-v3.3-BUCTPJP[LSG].pyw[line:302] - save_ - WARNING: 用户未选择路径退出
2023-12-10 09:31:48,105 - 二维码小工具-v3.3-BUCTPJP[LSG].pyw[line:545] - <module> - INFO: ---日志模块加载完成---
2023-12-10 09:31:48,106 - 二维码小工具-v3.3-BUCTPJP[LSG].pyw[line:546] - <module> - INFO: ---GUI加载成功，程序启动---正在加载必要功能---
2023-12-10 09:31:48,106 - 二维码小工具-v3.3-BUCTPJP[LSG].pyw[line:548] - <module> - INFO: ---帮助模块加载完成---
2023-12-10 09:31:48,106 - 二维码小工具-v3.3-BUCTPJP[LSG].pyw[line:551] - <module> - INFO: ---反馈模块加载完成---
2023-12-10 09:31:48,106 - 二维码小工具-v3.3-BUCTPJP[LSG].pyw[line:554] - <module> - INFO: ---WIFI模块加载完成---
2023-12-10 09:31:52,406 - 二维码小工具-v3.3-BUCTPJP[LSG].pyw[line:345] - getwifi - INFO: 开始查找本机连接过WIFI信息
2023-12-10 09:31:56,250 - 二维码小工具-v3.3-BUCTPJP[LSG].pyw[line:360] - getwifi - INFO: 获取到8条WIFI信息
2023-12-10 09:33:14,867 - 二维码小工具-v3.3-BUCTPJP[LSG].pyw[line:545] - <module> - INFO: ---日志模块加载完成---
2023-12-10 09:33:14,868 - 二维码小工具-v3.3-BUCTPJP[LSG].pyw[line:546] - <module> - INFO: ---GUI加载成功，程序启动---正在加载必要功能---
2023-12-10 09:33:14,868 - 二维码小工具-v3.3-BUCTPJP[LSG].pyw[line:548] - <module> - INFO: ---帮助模块加载完成---
2023-12-10 09:33:14,868 - 二维码小工具-v3.3-BUCTPJP[LSG].pyw[line:551] - <module> - INFO: ---反馈模块加载完成---
2023-12-10 09:33:14,868 - 二维码小工具-v3.3-BUCTPJP[LSG].pyw[line:554] - <module> - INFO: ---WIFI模块加载完成---
2023-12-10 09:33:18,271 - 二维码小工具-v3.3-BUCTPJP[LSG].pyw[line:345] - getwifi - INFO: 开始查找本机连接过WIFI信息
2023-12-10 09:33:21,603 - 二维码小工具-v3.3-BUCTPJP[LSG].pyw[line:360] - getwifi - INFO: 获取到8条WIFI信息
2023-12-10 09:33:30,061 - 二维码小工具-v3.3-BUCTPJP[LSG].pyw[line:323] - p_vew_ - INFO: ++创建临时文件夹++
2023-12-10 09:38:12,836 - 二维码小工具-v3.3-BUCTPJP[LSG].pyw[line:546] - <module> - INFO: ---日志模块加载完成---
2023-12-10 09:38:12,837 - 二维码小工具-v3.3-BUCTPJP[LSG].pyw[line:547] - <module> - INFO: ---GUI加载成功，程序启动---正在加载必要功能---
2023-12-10 09:38:12,837 - 二维码小工具-v3.3-BUCTPJP[LSG].pyw[line:549] - <module> - INFO: ---帮助模块加载完成---
2023-12-10 09:38:12,837 - 二维码小工具-v3.3-BUCTPJP[LSG].pyw[line:552] - <module> - INFO: ---反馈模块加载完成---
2023-12-10 09:38:12,837 - 二维码小工具-v3.3-BUCTPJP[LSG].pyw[line:555] - <module> - INFO: ---WIFI模块加载完成---
2023-12-10 09:38:23,230 - 二维码小工具-v3.3-BUCTPJP[LSG].pyw[line:323] - p_vew_ - INFO: ++创建临时文件夹++
2023-12-10 09:38:23,234 - 二维码小工具-v3.3-BUCTPJP[LSG].pyw[line:325] - p_vew_ - INFO: ++将图片保存为临时文件++
2023-12-10 09:40:14,223 - 二维码小工具-v3.3-BUCTPJP[LSG].pyw[line:546] - <module> - INFO: ---日志模块加载完成---
2023-12-10 09:40:14,224 - 二维码小工具-v3.3-BUCTPJP[LSG].pyw[line:547] - <module> - INFO: ---GUI加载成功，程序启动---正在加载必要功能---
2023-12-10 09:40:14,224 - 二维码小工具-v3.3-BUCTPJP[LSG].pyw[line:549] - <module> - INFO: ---帮助模块加载完成---
2023-12-10 09:40:14,225 - 二维码小工具-v3.3-BUCTPJP[LSG].pyw[line:552] - <module> - INFO: ---反馈模块加载完成---
2023-12-10 09:40:14,225 - 二维码小工具-v3.3-BUCTPJP[LSG].pyw[line:555] - <module> - INFO: ---WIFI模块加载完成---
2023-12-10 09:40:23,234 - 二维码小工具-v3.3-BUCTPJP[LSG].pyw[line:323] - p_vew_ - INFO: ++创建临时文件夹++
2023-12-10 09:40:23,237 - 二维码小工具-v3.3-BUCTPJP[LSG].pyw[line:325] - p_vew_ - INFO: ++将图片保存为临时文件++
2023-12-10 09:40:23,240 - 二维码小工具-v3.3-BUCTPJP[LSG].pyw[line:330] - p_vew_ - INFO: ++清除临时文件夹++
2023-12-10 09:44:24,471 - 二维码小工具-v3.3-BUCTPJP[LSG].pyw[line:549] - <module> - INFO: ---日志模块加载完成---
2023-12-10 09:44:24,472 - 二维码小工具-v3.3-BUCTPJP[LSG].pyw[line:550] - <module> - INFO: ---GUI加载成功，程序启动---正在加载必要功能---
2023-12-10 09:44:24,472 - 二维码小工具-v3.3-BUCTPJP[LSG].pyw[line:552] - <module> - INFO: ---帮助模块加载完成---
2023-12-10 09:44:24,472 - 二维码小工具-v3.3-BUCTPJP[LSG].pyw[line:555] - <module> - INFO: ---反馈模块加载完成---
2023-12-10 09:44:24,472 - 二维码小工具-v3.3-BUCTPJP[LSG].pyw[line:558] - <module> - INFO: ---WIFI模块加载完成---
2023-12-10 09:44:26,672 - 二维码小工具-v3.3-BUCTPJP[LSG].pyw[line:323] - p_vew_ - INFO: ++创建临时文件夹++
2023-12-10 09:44:26,676 - 二维码小工具-v3.3-BUCTPJP[LSG].pyw[line:325] - p_vew_ - INFO: ++将图片保存为临时文件++
2023-12-10 09:44:26,677 - 二维码小工具-v3.3-BUCTPJP[LSG].pyw[line:330] - p_vew_ - INFO: ++清除临时文件夹++
2023-12-10 09:48:34,924 - 二维码小工具-v3.3-BUCTPJP[LSG].pyw[line:546] - <module> - INFO: ---日志模块加载完成---
2023-12-10 09:48:34,925 - 二维码小工具-v3.3-BUCTPJP[LSG].pyw[line:547] - <module> - INFO: ---GUI加载成功，程序启动---正在加载必要功能---
2023-12-10 09:48:34,925 - 二维码小工具-v3.3-BUCTPJP[LSG].pyw[line:549] - <module> - INFO: ---帮助模块加载完成---
2023-12-10 09:48:34,925 - 二维码小工具-v3.3-BUCTPJP[LSG].pyw[line:552] - <module> - INFO: ---反馈模块加载完成---
2023-12-10 09:48:34,925 - 二维码小工具-v3.3-BUCTPJP[LSG].pyw[line:555] - <module> - INFO: ---WIFI模块加载完成---
2023-12-10 09:48:48,596 - 二维码小工具-v3.3-BUCTPJP[LSG].pyw[line:323] - p_vew_ - INFO: ++创建临时文件夹++
2023-12-10 09:48:48,600 - 二维码小工具-v3.3-BUCTPJP[LSG].pyw[line:325] - p_vew_ - INFO: ++将图片保存为临时文件++
2023-12-10 09:48:48,601 - 二维码小工具-v3.3-BUCTPJP[LSG].pyw[line:330] - p_vew_ - INFO: ++清除临时文件夹++
2023-12-10 09:53:20,357 - 二维码小工具-v3.3-BUCTPJP[LSG].pyw[line:546] - <module> - INFO: ---日志模块加载完成---
2023-12-10 09:53:20,357 - 二维码小工具-v3.3-BUCTPJP[LSG].pyw[line:547] - <module> - INFO: ---GUI加载成功，程序启动---正在加载必要功能---
2023-12-10 09:53:20,358 - 二维码小工具-v3.3-BUCTPJP[LSG].pyw[line:549] - <module> - INFO: ---帮助模块加载完成---
2023-12-10 09:53:20,358 - 二维码小工具-v3.3-BUCTPJP[LSG].pyw[line:552] - <module> - INFO: ---反馈模块加载完成---
2023-12-10 09:53:20,358 - 二维码小工具-v3.3-BUCTPJP[LSG].pyw[line:555] - <module> - INFO: ---WIFI模块加载完成---
2023-12-10 09:53:24,442 - 二维码小工具-v3.3-BUCTPJP[LSG].pyw[line:346] - getwifi - INFO: 开始查找本机连接过WIFI信息
2023-12-10 09:53:28,244 - 二维码小工具-v3.3-BUCTPJP[LSG].pyw[line:361] - getwifi - INFO: 获取到8条WIFI信息
2023-12-10 09:53:37,696 - 二维码小工具-v3.3-BUCTPJP[LSG].pyw[line:323] - p_vew_ - INFO: ++创建临时文件夹++
2023-12-10 09:53:37,698 - 二维码小工具-v3.3-BUCTPJP[LSG].pyw[line:325] - p_vew_ - INFO: ++将图片保存为临时文件++
2023-12-10 09:53:37,700 - 二维码小工具-v3.3-BUCTPJP[LSG].pyw[line:330] - p_vew_ - INFO: ++清除临时文件夹++
2023-12-10 10:54:27,344 - 二维码小工具-v3.3-BUCTPJP[LSG].pyw[line:577] - <module> - INFO: ---日志模块加载完成---
2023-12-10 10:54:27,344 - 二维码小工具-v3.3-BUCTPJP[LSG].pyw[line:578] - <module> - INFO: ---GUI加载成功，程序启动---正在加载必要功能---
2023-12-10 10:54:27,345 - 二维码小工具-v3.3-BUCTPJP[LSG].pyw[line:580] - <module> - INFO: ---帮助模块加载完成---
2023-12-10 10:54:27,345 - 二维码小工具-v3.3-BUCTPJP[LSG].pyw[line:583] - <module> - INFO: ---反馈模块加载完成---
2023-12-10 10:54:27,345 - 二维码小工具-v3.3-BUCTPJP[LSG].pyw[line:586] - <module> - INFO: ---WIFI模块加载完成---
2023-12-10 10:54:27,345 - 二维码小工具-v3.3-BUCTPJP[LSG].pyw[line:588] - <module> - INFO: ---WIFI模块加载完成---
2023-12-10 10:55:00,838 - 二维码小工具-v3.3-BUCTPJP[LSG].pyw[line:335] - p_vew_2 - INFO: ++创建临时文件夹++
2023-12-10 10:55:00,843 - 二维码小工具-v3.3-BUCTPJP[LSG].pyw[line:337] - p_vew_2 - INFO: ++将图片保存为临时文件++
2023-12-10 10:55:00,844 - 二维码小工具-v3.3-BUCTPJP[LSG].pyw[line:342] - p_vew_2 - INFO: ++清除临时文件夹++
2023-12-10 10:56:50,573 - 二维码小工具-v3.3-BUCTPJP[LSG].pyw[line:577] - <module> - INFO: ---日志模块加载完成---
2023-12-10 10:56:50,574 - 二维码小工具-v3.3-BUCTPJP[LSG].pyw[line:578] - <module> - INFO: ---GUI加载成功，程序启动---正在加载必要功能---
2023-12-10 10:56:50,574 - 二维码小工具-v3.3-BUCTPJP[LSG].pyw[line:580] - <module> - INFO: ---帮助模块加载完成---
2023-12-10 10:56:50,574 - 二维码小工具-v3.3-BUCTPJP[LSG].pyw[line:583] - <module> - INFO: ---反馈模块加载完成---
2023-12-10 10:56:50,574 - 二维码小工具-v3.3-BUCTPJP[LSG].pyw[line:586] - <module> - INFO: ---WIFI模块加载完成---
2023-12-10 10:56:50,574 - 二维码小工具-v3.3-BUCTPJP[LSG].pyw[line:588] - <module> - INFO: ---WIFI模块加载完成---
2023-12-10 10:57:09,478 - 二维码小工具-v3.3-BUCTPJP[LSG].pyw[line:335] - p_vew_2 - INFO: ++创建临时文件夹++
2023-12-10 10:57:09,481 - 二维码小工具-v3.3-BUCTPJP[LSG].pyw[line:337] - p_vew_2 - INFO: ++将图片保存为临时文件++
2023-12-10 10:57:09,482 - 二维码小工具-v3.3-BUCTPJP[LSG].pyw[line:342] - p_vew_2 - INFO: ++清除临时文件夹++
2023-12-10 10:58:38,274 - 二维码小工具-v3.3-BUCTPJP[LSG].pyw[line:577] - <module> - INFO: ---日志模块加载完成---
2023-12-10 10:58:38,275 - 二维码小工具-v3.3-BUCTPJP[LSG].pyw[line:578] - <module> - INFO: ---GUI加载成功，程序启动---正在加载必要功能---
2023-12-10 10:58:38,275 - 二维码小工具-v3.3-BUCTPJP[LSG].pyw[line:580] - <module> - INFO: ---帮助模块加载完成---
2023-12-10 10:58:38,275 - 二维码小工具-v3.3-BUCTPJP[LSG].pyw[line:583] - <module> - INFO: ---反馈模块加载完成---
2023-12-10 10:58:38,275 - 二维码小工具-v3.3-BUCTPJP[LSG].pyw[line:586] - <module> - INFO: ---WIFI模块加载完成---
2023-12-10 10:58:38,275 - 二维码小工具-v3.3-BUCTPJP[LSG].pyw[line:588] - <module> - INFO: ---WIFI模块加载完成---
2023-12-10 10:58:47,337 - 二维码小工具-v3.3-BUCTPJP[LSG].pyw[line:335] - p_vew_2 - INFO: ++创建临时文件夹++
2023-12-10 10:58:47,341 - 二维码小工具-v3.3-BUCTPJP[LSG].pyw[line:337] - p_vew_2 - INFO: ++将图片保存为临时文件++
2023-12-10 10:58:47,342 - 二维码小工具-v3.3-BUCTPJP[LSG].pyw[line:342] - p_vew_2 - INFO: ++清除临时文件夹++
2023-12-10 10:58:54,060 - 二维码小工具-v3.3-BUCTPJP[LSG].pyw[line:309] - save_1 - INFO: E:/桌面/1223.png保存完成-
2023-12-10 12:14:45,502 - 二维码小工具-v3.4-BUCTPJP[LSG].pyw[line:576] - <module> - INFO: ---日志模块加载完成---
2023-12-10 12:14:45,503 - 二维码小工具-v3.4-BUCTPJP[LSG].pyw[line:577] - <module> - INFO: ---GUI加载成功，程序启动---正在加载必要功能---
2023-12-10 12:14:45,504 - 二维码小工具-v3.4-BUCTPJP[LSG].pyw[line:579] - <module> - INFO: ---帮助模块加载完成---
2023-12-10 12:14:45,504 - 二维码小工具-v3.4-BUCTPJP[LSG].pyw[line:582] - <module> - INFO: ---反馈模块加载完成---
2023-12-10 12:14:45,504 - 二维码小工具-v3.4-BUCTPJP[LSG].pyw[line:585] - <module> - INFO: ---WIFI码模块加载完成---
2023-12-10 12:14:45,504 - 二维码小工具-v3.4-BUCTPJP[LSG].pyw[line:587] - <module> - INFO: ---名片码模块加载完成---
2023-12-10 12:15:33,232 - 二维码小工具-v3.4-BUCTPJP[LSG].pyw[line:334] - p_vew_2 - INFO: ++创建临时文件夹++
2023-12-10 12:15:33,237 - 二维码小工具-v3.4-BUCTPJP[LSG].pyw[line:336] - p_vew_2 - INFO: ++将图片保存为临时文件++
2023-12-10 12:15:33,238 - 二维码小工具-v3.4-BUCTPJP[LSG].pyw[line:341] - p_vew_2 - INFO: ++清除临时文件夹++
2023-12-10 12:16:08,330 - 二维码小工具-v3.4-BUCTPJP[LSG].pyw[line:308] - save_1 - INFO: E:/桌面/名片_二维码.png保存完成-
2023-12-10 12:19:42,824 - 二维码小工具-v3.4-BUCTPJP[LSG].pyw[line:357] - getwifi - INFO: 开始查找本机连接过WIFI信息
2023-12-10 12:20:09,338 - 二维码小工具-v3.4-BUCTPJP[LSG].pyw[line:372] - getwifi - INFO: 获取到8条WIFI信息
2023-12-10 12:20:16,641 - 二维码小工具-v3.4-BUCTPJP[LSG].pyw[line:323] - p_vew_1 - INFO: ++创建临时文件夹++
2023-12-10 12:20:16,643 - 二维码小工具-v3.4-BUCTPJP[LSG].pyw[line:325] - p_vew_1 - INFO: ++将图片保存为临时文件++
2023-12-10 12:20:16,644 - 二维码小工具-v3.4-BUCTPJP[LSG].pyw[line:330] - p_vew_1 - INFO: ++清除临时文件夹++
2023-12-10 12:20:32,678 - 二维码小工具-v3.4-BUCTPJP[LSG].pyw[line:308] - save_1 - INFO: E:/桌面/wifi_code.png保存完成-
2023-12-10 13:11:59,767 - 二维码小工具-v3.4-BUCTPJP[LSG].pyw[line:576] - <module> - INFO: ---日志模块加载完成---
2023-12-10 13:11:59,768 - 二维码小工具-v3.4-BUCTPJP[LSG].pyw[line:577] - <module> - INFO: ---GUI加载成功，程序启动---正在加载必要功能---
2023-12-10 13:11:59,768 - 二维码小工具-v3.4-BUCTPJP[LSG].pyw[line:579] - <module> - INFO: ---帮助模块加载完成---
2023-12-10 13:11:59,768 - 二维码小工具-v3.4-BUCTPJP[LSG].pyw[line:582] - <module> - INFO: ---反馈模块加载完成---
2023-12-10 13:11:59,768 - 二维码小工具-v3.4-BUCTPJP[LSG].pyw[line:585] - <module> - INFO: ---WIFI码模块加载完成---
2023-12-10 13:11:59,768 - 二维码小工具-v3.4-BUCTPJP[LSG].pyw[line:587] - <module> - INFO: ---名片码模块加载完成---
2023-12-10 13:12:26,904 - 二维码小工具-v3.4-BUCTPJP[LSG].pyw[line:357] - getwifi - INFO: 开始查找本机连接过WIFI信息
2023-12-10 13:12:30,291 - 二维码小工具-v3.4-BUCTPJP[LSG].pyw[line:372] - getwifi - INFO: 获取到8条WIFI信息
2023-12-10 13:12:47,262 - 二维码小工具-v3.4-BUCTPJP[LSG].pyw[line:323] - p_vew_1 - INFO: ++创建临时文件夹++
2023-12-10 13:12:47,266 - 二维码小工具-v3.4-BUCTPJP[LSG].pyw[line:325] - p_vew_1 - INFO: ++将图片保存为临时文件++
2023-12-10 13:12:47,267 - 二维码小工具-v3.4-BUCTPJP[LSG].pyw[line:330] - p_vew_1 - INFO: ++清除临时文件夹++
2023-12-10 13:13:06,904 - 二维码小工具-v3.4-BUCTPJP[LSG].pyw[line:308] - save_1 - INFO: E:/桌面/家_wifi.png保存完成-
2023-12-10 13:13:35,581 - 二维码小工具-v3.4-BUCTPJP[LSG].pyw[line:150] - bg - INFO: 用户选择 模式一
2023-12-10 13:13:38,428 - PngImagePlugin.py[line:201] - call - DEBUG: STREAM b'IHDR' 16 13
2023-12-10 13:13:38,429 - PngImagePlugin.py[line:201] - call - DEBUG: STREAM b'IDAT' 41 444
2023-12-10 13:13:38,498 - 二维码小工具-v3.4-BUCTPJP[LSG].pyw[line:313] - p_vew - INFO: ++创建临时文件夹++
2023-12-10 13:13:38,520 - 二维码小工具-v3.4-BUCTPJP[LSG].pyw[line:315] - p_vew - INFO: ++将图片保存为临时文件++
2023-12-10 13:13:38,522 - 二维码小工具-v3.4-BUCTPJP[LSG].pyw[line:319] - p_vew - INFO: ++清除临时文件夹++
2023-12-10 13:14:47,385 - 二维码小工具-v3.4-BUCTPJP[LSG].pyw[line:576] - <module> - INFO: ---日志模块加载完成---
2023-12-10 13:14:47,385 - 二维码小工具-v3.4-BUCTPJP[LSG].pyw[line:577] - <module> - INFO: ---GUI加载成功，程序启动---正在加载必要功能---
2023-12-10 13:14:47,385 - 二维码小工具-v3.4-BUCTPJP[LSG].pyw[line:579] - <module> - INFO: ---帮助模块加载完成---
2023-12-10 13:14:47,385 - 二维码小工具-v3.4-BUCTPJP[LSG].pyw[line:582] - <module> - INFO: ---反馈模块加载完成---
2023-12-10 13:14:47,386 - 二维码小工具-v3.4-BUCTPJP[LSG].pyw[line:585] - <module> - INFO: ---WIFI码模块加载完成---
2023-12-10 13:14:47,386 - 二维码小工具-v3.4-BUCTPJP[LSG].pyw[line:587] - <module> - INFO: ---名片码模块加载完成---
2023-12-10 13:14:51,393 - 二维码小工具-v3.4-BUCTPJP[LSG].pyw[line:198] - bg - ERROR: 用户未选择生成模式
2023-12-10 13:14:52,730 - 二维码小工具-v3.4-BUCTPJP[LSG].pyw[line:150] - bg - INFO: 用户选择 模式一
2023-12-10 13:14:58,256 - PngImagePlugin.py[line:201] - call - DEBUG: STREAM b'IHDR' 16 13
2023-12-10 13:14:58,256 - PngImagePlugin.py[line:201] - call - DEBUG: STREAM b'IDAT' 41 444
2023-12-10 13:14:58,325 - 二维码小工具-v3.4-BUCTPJP[LSG].pyw[line:313] - p_vew - INFO: ++创建临时文件夹++
2023-12-10 13:14:58,347 - 二维码小工具-v3.4-BUCTPJP[LSG].pyw[line:315] - p_vew - INFO: ++将图片保存为临时文件++
2023-12-10 13:14:58,349 - 二维码小工具-v3.4-BUCTPJP[LSG].pyw[line:319] - p_vew - INFO: ++清除临时文件夹++
2023-12-10 13:15:04,353 - 二维码小工具-v3.4-BUCTPJP[LSG].pyw[line:293] - save - INFO: E:/桌面/测试.png保存完成-生成用时：0.17s
2023-12-10 13:15:11,011 - PngImagePlugin.py[line:201] - call - DEBUG: STREAM b'IHDR' 16 13
2023-12-10 13:15:11,011 - PngImagePlugin.py[line:201] - call - DEBUG: STREAM b'IDAT' 41 20834
2023-12-10 13:15:11,016 - 二维码小工具-v3.4-BUCTPJP[LSG].pyw[line:313] - p_vew - INFO: ++创建临时文件夹++
2023-12-10 13:15:11,038 - 二维码小工具-v3.4-BUCTPJP[LSG].pyw[line:315] - p_vew - INFO: ++将图片保存为临时文件++
2023-12-10 13:15:11,041 - 二维码小工具-v3.4-BUCTPJP[LSG].pyw[line:319] - p_vew - INFO: ++清除临时文件夹++
2023-12-10 13:15:11,051 - 二维码小工具-v3.4-BUCTPJP[LSG].pyw[line:276] - parse - INFO: []
2023-12-10 13:15:18,368 - PngImagePlugin.py[line:201] - call - DEBUG: STREAM b'IHDR' 16 13
2023-12-10 13:15:18,368 - PngImagePlugin.py[line:201] - call - DEBUG: STREAM b'IDAT' 41 444
2023-12-10 13:20:08,138 - 二维码小工具-v3.4-BUCTPJP[LSG].pyw[line:575] - <module> - INFO: ---日志模块加载完成---
2023-12-10 13:20:08,139 - 二维码小工具-v3.4-BUCTPJP[LSG].pyw[line:576] - <module> - INFO: ---GUI加载成功，程序启动---正在加载必要功能---
2023-12-10 13:20:08,139 - 二维码小工具-v3.4-BUCTPJP[LSG].pyw[line:578] - <module> - INFO: ---帮助模块加载完成---
2023-12-10 13:20:08,139 - 二维码小工具-v3.4-BUCTPJP[LSG].pyw[line:581] - <module> - INFO: ---反馈模块加载完成---
2023-12-10 13:20:08,139 - 二维码小工具-v3.4-BUCTPJP[LSG].pyw[line:584] - <module> - INFO: ---WIFI码模块加载完成---
2023-12-10 13:20:08,139 - 二维码小工具-v3.4-BUCTPJP[LSG].pyw[line:586] - <module> - INFO: ---名片码模块加载完成---
2023-12-10 13:20:35,368 - PngImagePlugin.py[line:201] - call - DEBUG: STREAM b'IHDR' 16 13
2023-12-10 13:20:35,369 - PngImagePlugin.py[line:201] - call - DEBUG: STREAM b'gAMA' 41 4
2023-12-10 13:20:35,369 - PngImagePlugin.py[line:201] - call - DEBUG: STREAM b'cHRM' 57 32
2023-12-10 13:20:35,369 - PngImagePlugin.py[line:201] - call - DEBUG: STREAM b'bKGD' 101 6
2023-12-10 13:20:35,369 - PngImagePlugin.py[line:738] - _open - DEBUG: b'bKGD' 101 6 (unknown)
2023-12-10 13:20:35,369 - PngImagePlugin.py[line:201] - call - DEBUG: STREAM b'IDAT' 119 32768
2023-12-10 13:20:35,375 - PngImagePlugin.py[line:201] - call - DEBUG: STREAM b'tEXt' 176625 37
2023-12-10 13:20:35,375 - PngImagePlugin.py[line:201] - call - DEBUG: STREAM b'tEXt' 176674 37
2023-12-10 13:20:35,385 - 二维码小工具-v3.4-BUCTPJP[LSG].pyw[line:312] - p_vew - INFO: ++创建临时文件夹++
2023-12-10 13:20:35,426 - 二维码小工具-v3.4-BUCTPJP[LSG].pyw[line:314] - p_vew - INFO: ++将图片保存为临时文件++
2023-12-10 13:20:35,430 - 二维码小工具-v3.4-BUCTPJP[LSG].pyw[line:318] - p_vew - INFO: ++清除临时文件夹++
2023-12-10 13:20:35,445 - 二维码小工具-v3.4-BUCTPJP[LSG].pyw[line:275] - parse - INFO: [Decoded(data=b'\xe8\xbf\x99\xe6\x98\xaf\xe6\xa8\xa1\xe5\xbc\x8f\xe4\xba\x8c\xe7\x94\x9f\xe6\x88\x90\xe7\x9a\x84\xe5\xb8\xa6\xe6\x9c\x89\xe8\x83\x8c\xe6\x99\xaf\xe7\x9a\x84\xe4\xba\x8c\xe7\xbb\xb4\xe7\xa0\x81\xef\xbc\x9b\nThis is a QR code by with background mod2', type='QRCODE', rect=Rect(left=32, top=32, width=423, height=423), polygon=[Point(x=32, y=32), Point(x=34, y=455), Point(x=455, y=455), Point(x=455, y=34)], quality=1, orientation=None)]
2023-12-10 13:20:46,576 - PngImagePlugin.py[line:201] - call - DEBUG: STREAM b'IHDR' 16 13
2023-12-10 13:20:46,576 - PngImagePlugin.py[line:201] - call - DEBUG: STREAM b'IDAT' 41 444
2023-12-10 13:28:53,782 - 二维码小工具-v3.4-BUCTPJP[LSG].pyw[line:575] - <module> - INFO: ---日志模块加载完成---
2023-12-10 13:28:53,783 - 二维码小工具-v3.4-BUCTPJP[LSG].pyw[line:576] - <module> - INFO: ---GUI加载成功，程序启动---正在加载必要功能---
2023-12-10 13:28:53,783 - 二维码小工具-v3.4-BUCTPJP[LSG].pyw[line:578] - <module> - INFO: ---帮助模块加载完成---
2023-12-10 13:28:53,783 - 二维码小工具-v3.4-BUCTPJP[LSG].pyw[line:581] - <module> - INFO: ---反馈模块加载完成---
2023-12-10 13:28:53,783 - 二维码小工具-v3.4-BUCTPJP[LSG].pyw[line:584] - <module> - INFO: ---WIFI码模块加载完成---
2023-12-10 13:28:53,783 - 二维码小工具-v3.4-BUCTPJP[LSG].pyw[line:586] - <module> - INFO: ---名片码模块加载完成---
2023-12-10 13:32:02,516 - 二维码小工具-v3.4-BUCTPJP[LSG].pyw[line:577] - <module> - INFO: ---日志模块加载完成---
2023-12-10 13:32:02,516 - 二维码小工具-v3.4-BUCTPJP[LSG].pyw[line:578] - <module> - INFO: ---GUI加载成功，程序启动---正在加载必要功能---
2023-12-10 13:32:02,517 - 二维码小工具-v3.4-BUCTPJP[LSG].pyw[line:580] - <module> - INFO: ---帮助模块加载完成---
2023-12-10 13:32:02,517 - 二维码小工具-v3.4-BUCTPJP[LSG].pyw[line:583] - <module> - INFO: ---反馈模块加载完成---
2023-12-10 13:32:02,517 - 二维码小工具-v3.4-BUCTPJP[LSG].pyw[line:586] - <module> - INFO: ---WIFI码模块加载完成---
2023-12-10 13:32:02,517 - 二维码小工具-v3.4-BUCTPJP[LSG].pyw[line:588] - <module> - INFO: ---名片码模块加载完成---
2023-12-11 15:49:49,117 - 二维码小工具-v3.4-BUCTPJP[LSG].pyw[line:577] - <module> - INFO: ---日志模块加载完成---
2023-12-11 15:49:49,118 - 二维码小工具-v3.4-BUCTPJP[LSG].pyw[line:578] - <module> - INFO: ---GUI加载成功，程序启动---正在加载必要功能---
2023-12-11 15:49:49,118 - 二维码小工具-v3.4-BUCTPJP[LSG].pyw[line:580] - <module> - INFO: ---帮助模块加载完成---
2023-12-11 15:49:49,118 - 二维码小工具-v3.4-BUCTPJP[LSG].pyw[line:583] - <module> - INFO: ---反馈模块加载完成---
2023-12-11 15:49:49,118 - 二维码小工具-v3.4-BUCTPJP[LSG].pyw[line:586] - <module> - INFO: ---WIFI码模块加载完成---
2023-12-11 15:49:49,118 - 二维码小工具-v3.4-BUCTPJP[LSG].pyw[line:588] - <module> - INFO: ---名片码模块加载完成---
2023-12-11 15:54:15,866 - 二维码小工具-v3.4-BUCTPJP[LSG].pyw[line:577] - <module> - INFO: ---日志模块加载完成---
2023-12-11 15:54:15,866 - 二维码小工具-v3.4-BUCTPJP[LSG].pyw[line:578] - <module> - INFO: ---GUI加载成功，程序启动---正在加载必要功能---
2023-12-11 15:54:15,867 - 二维码小工具-v3.4-BUCTPJP[LSG].pyw[line:580] - <module> - INFO: ---帮助模块加载完成---
2023-12-11 15:54:15,867 - 二维码小工具-v3.4-BUCTPJP[LSG].pyw[line:583] - <module> - INFO: ---反馈模块加载完成---
2023-12-11 15:54:15,867 - 二维码小工具-v3.4-BUCTPJP[LSG].pyw[line:586] - <module> - INFO: ---WIFI码模块加载完成---
2023-12-11 15:54:15,867 - 二维码小工具-v3.4-BUCTPJP[LSG].pyw[line:588] - <module> - INFO: ---名片码模块加载完成---
2023-12-11 17:00:22,702 - 二维码小工具-v3.4-BUCTPJP[LSG].pyw[line:591] - <module> - INFO: ---日志模块加载完成---
2023-12-11 17:00:22,703 - 二维码小工具-v3.4-BUCTPJP[LSG].pyw[line:592] - <module> - INFO: ---GUI加载成功，程序启动---正在加载必要功能---
2023-12-11 17:00:22,703 - 二维码小工具-v3.4-BUCTPJP[LSG].pyw[line:594] - <module> - INFO: ---帮助模块加载完成---
2023-12-11 17:00:22,703 - 二维码小工具-v3.4-BUCTPJP[LSG].pyw[line:597] - <module> - INFO: ---反馈模块加载完成---
2023-12-11 17:00:22,704 - 二维码小工具-v3.4-BUCTPJP[LSG].pyw[line:600] - <module> - INFO: ---WIFI码模块加载完成---
2023-12-11 17:00:22,704 - 二维码小工具-v3.4-BUCTPJP[LSG].pyw[line:602] - <module> - INFO: ---名片码模块加载完成---
2023-12-11 17:00:27,025 - 二维码小工具-v3.4-BUCTPJP[LSG].pyw[line:84] - logo - INFO: 用户选择 模式一
2023-12-11 17:04:08,453 - 二维码小工具-v3.4-BUCTPJP[LSG].pyw[line:591] - <module> - INFO: ---日志模块加载完成---
2023-12-11 17:04:08,454 - 二维码小工具-v3.4-BUCTPJP[LSG].pyw[line:592] - <module> - INFO: ---GUI加载成功，程序启动---正在加载必要功能---
2023-12-11 17:04:08,454 - 二维码小工具-v3.4-BUCTPJP[LSG].pyw[line:594] - <module> - INFO: ---帮助模块加载完成---
2023-12-11 17:04:08,454 - 二维码小工具-v3.4-BUCTPJP[LSG].pyw[line:597] - <module> - INFO: ---反馈模块加载完成---
2023-12-11 17:04:08,454 - 二维码小工具-v3.4-BUCTPJP[LSG].pyw[line:600] - <module> - INFO: ---WIFI码模块加载完成---
2023-12-11 17:04:08,454 - 二维码小工具-v3.4-BUCTPJP[LSG].pyw[line:602] - <module> - INFO: ---名片码模块加载完成---
2023-12-11 17:04:14,082 - 二维码小工具-v3.4-BUCTPJP[LSG].pyw[line:84] - logo - INFO: 用户选择 模式一
2023-12-11 17:04:35,875 - PngImagePlugin.py[line:201] - call - DEBUG: STREAM b'IHDR' 16 13
2023-12-11 17:04:35,876 - PngImagePlugin.py[line:201] - call - DEBUG: STREAM b'IDAT' 41 438
2023-12-11 17:04:35,938 - 二维码小工具-v3.4-BUCTPJP[LSG].pyw[line:326] - p_vew - INFO: ++创建临时文件夹++
2023-12-11 17:04:35,953 - 二维码小工具-v3.4-BUCTPJP[LSG].pyw[line:328] - p_vew - INFO: ++将图片保存为临时文件++
2023-12-11 17:04:35,955 - 二维码小工具-v3.4-BUCTPJP[LSG].pyw[line:332] - p_vew - INFO: ++清除临时文件夹++
2023-12-11 17:06:57,317 - 二维码小工具-v3.4-BUCTPJP[LSG].pyw[line:583] - <module> - INFO: ---日志模块加载完成---
2023-12-11 17:06:57,317 - 二维码小工具-v3.4-BUCTPJP[LSG].pyw[line:584] - <module> - INFO: ---GUI加载成功，程序启动---正在加载必要功能---
2023-12-11 17:06:57,317 - 二维码小工具-v3.4-BUCTPJP[LSG].pyw[line:586] - <module> - INFO: ---帮助模块加载完成---
2023-12-11 17:06:57,318 - 二维码小工具-v3.4-BUCTPJP[LSG].pyw[line:589] - <module> - INFO: ---反馈模块加载完成---
2023-12-11 17:06:57,318 - 二维码小工具-v3.4-BUCTPJP[LSG].pyw[line:592] - <module> - INFO: ---WIFI码模块加载完成---
2023-12-11 17:06:57,318 - 二维码小工具-v3.4-BUCTPJP[LSG].pyw[line:594] - <module> - INFO: ---名片码模块加载完成---
2023-12-11 17:07:02,403 - 二维码小工具-v3.4-BUCTPJP[LSG].pyw[line:114] - logo - ERROR: 用户未选择生成模式
2023-12-11 17:07:04,304 - 二维码小工具-v3.4-BUCTPJP[LSG].pyw[line:84] - logo - INFO: 用户选择 模式一
2023-12-11 17:07:23,080 - 二维码小工具-v3.4-BUCTPJP[LSG].pyw[line:105] - logo - WARNING: 用户未选择图片退出
2023-12-11 17:11:06,229 - 二维码小工具-v3.4-BUCTPJP[LSG].pyw[line:583] - <module> - INFO: ---日志模块加载完成---
2023-12-11 17:11:06,229 - 二维码小工具-v3.4-BUCTPJP[LSG].pyw[line:584] - <module> - INFO: ---GUI加载成功，程序启动---正在加载必要功能---
2023-12-11 17:11:06,229 - 二维码小工具-v3.4-BUCTPJP[LSG].pyw[line:586] - <module> - INFO: ---帮助模块加载完成---
2023-12-11 17:11:06,229 - 二维码小工具-v3.4-BUCTPJP[LSG].pyw[line:589] - <module> - INFO: ---反馈模块加载完成---
2023-12-11 17:11:06,230 - 二维码小工具-v3.4-BUCTPJP[LSG].pyw[line:592] - <module> - INFO: ---WIFI码模块加载完成---
2023-12-11 17:11:06,230 - 二维码小工具-v3.4-BUCTPJP[LSG].pyw[line:594] - <module> - INFO: ---名片码模块加载完成---
2023-12-11 17:11:09,304 - 二维码小工具-v3.4-BUCTPJP[LSG].pyw[line:84] - logo - INFO: 用户选择 模式一
2023-12-11 17:11:16,320 - PngImagePlugin.py[line:201] - call - DEBUG: STREAM b'IHDR' 16 13
2023-12-11 17:11:16,320 - PngImagePlugin.py[line:201] - call - DEBUG: STREAM b'gAMA' 41 4
2023-12-11 17:11:16,320 - PngImagePlugin.py[line:201] - call - DEBUG: STREAM b'cHRM' 57 32
2023-12-11 17:11:16,320 - PngImagePlugin.py[line:201] - call - DEBUG: STREAM b'bKGD' 101 6
2023-12-11 17:11:16,321 - PngImagePlugin.py[line:738] - _open - DEBUG: b'bKGD' 101 6 (unknown)
2023-12-11 17:11:16,321 - PngImagePlugin.py[line:201] - call - DEBUG: STREAM b'IDAT' 119 30341
2023-12-11 17:11:16,380 - PngImagePlugin.py[line:201] - call - DEBUG: STREAM b'tEXt' 30472 37
2023-12-11 17:11:16,381 - PngImagePlugin.py[line:201] - call - DEBUG: STREAM b'tEXt' 30521 37
2023-12-11 17:11:16,385 - 二维码小工具-v3.4-BUCTPJP[LSG].pyw[line:318] - p_vew - INFO: ++创建临时文件夹++
2023-12-11 17:11:16,402 - 二维码小工具-v3.4-BUCTPJP[LSG].pyw[line:320] - p_vew - INFO: ++将图片保存为临时文件++
2023-12-11 17:11:16,404 - 二维码小工具-v3.4-BUCTPJP[LSG].pyw[line:324] - p_vew - INFO: ++清除临时文件夹++
2023-12-11 17:14:55,002 - 二维码小工具-v3.4-BUCTPJP[LSG].pyw[line:595] - <module> - INFO: ---日志模块加载完成---
2023-12-11 17:14:55,003 - 二维码小工具-v3.4-BUCTPJP[LSG].pyw[line:596] - <module> - INFO: ---GUI加载成功，程序启动---正在加载必要功能---
2023-12-11 17:14:55,003 - 二维码小工具-v3.4-BUCTPJP[LSG].pyw[line:598] - <module> - INFO: ---帮助模块加载完成---
2023-12-11 17:14:55,003 - 二维码小工具-v3.4-BUCTPJP[LSG].pyw[line:601] - <module> - INFO: ---反馈模块加载完成---
2023-12-11 17:14:55,003 - 二维码小工具-v3.4-BUCTPJP[LSG].pyw[line:604] - <module> - INFO: ---WIFI码模块加载完成---
2023-12-11 17:14:55,003 - 二维码小工具-v3.4-BUCTPJP[LSG].pyw[line:606] - <module> - INFO: ---名片码模块加载完成---
2023-12-11 17:14:57,923 - 二维码小工具-v3.4-BUCTPJP[LSG].pyw[line:47] - produce - INFO: 用户选择 模式一
2023-12-11 17:14:58,031 - 二维码小工具-v3.4-BUCTPJP[LSG].pyw[line:330] - p_vew - INFO: ++创建临时文件夹++
2023-12-11 17:14:58,081 - 二维码小工具-v3.4-BUCTPJP[LSG].pyw[line:332] - p_vew - INFO: ++将图片保存为临时文件++
2023-12-11 17:14:58,083 - 二维码小工具-v3.4-BUCTPJP[LSG].pyw[line:336] - p_vew - INFO: ++清除临时文件夹++
2023-12-11 17:16:08,592 - 二维码小工具-v3.4-BUCTPJP[LSG].pyw[line:593] - <module> - INFO: ---日志模块加载完成---
2023-12-11 17:16:08,592 - 二维码小工具-v3.4-BUCTPJP[LSG].pyw[line:594] - <module> - INFO: ---GUI加载成功，程序启动---正在加载必要功能---
2023-12-11 17:16:08,592 - 二维码小工具-v3.4-BUCTPJP[LSG].pyw[line:596] - <module> - INFO: ---帮助模块加载完成---
2023-12-11 17:16:08,592 - 二维码小工具-v3.4-BUCTPJP[LSG].pyw[line:599] - <module> - INFO: ---反馈模块加载完成---
2023-12-11 17:16:08,592 - 二维码小工具-v3.4-BUCTPJP[LSG].pyw[line:602] - <module> - INFO: ---WIFI码模块加载完成---
2023-12-11 17:16:08,592 - 二维码小工具-v3.4-BUCTPJP[LSG].pyw[line:604] - <module> - INFO: ---名片码模块加载完成---
2023-12-11 17:16:11,457 - 二维码小工具-v3.4-BUCTPJP[LSG].pyw[line:47] - produce - INFO: 用户选择 模式一
2023-12-11 17:16:11,597 - 二维码小工具-v3.4-BUCTPJP[LSG].pyw[line:328] - p_vew - INFO: ++创建临时文件夹++
2023-12-11 17:16:11,656 - 二维码小工具-v3.4-BUCTPJP[LSG].pyw[line:330] - p_vew - INFO: ++将图片保存为临时文件++
2023-12-11 17:16:11,659 - 二维码小工具-v3.4-BUCTPJP[LSG].pyw[line:334] - p_vew - INFO: ++清除临时文件夹++
2023-12-11 17:16:22,803 - 二维码小工具-v3.4-BUCTPJP[LSG].pyw[line:308] - save - INFO: E:\桌面\测试.png保存完成-生成用时：0.14s
2023-12-11 17:21:47,334 - 二维码小工具-v3.4-BUCTPJP[LSG].pyw[line:596] - <module> - INFO: ---日志模块加载完成---
2023-12-11 17:21:47,334 - 二维码小工具-v3.4-BUCTPJP[LSG].pyw[line:597] - <module> - INFO: ---GUI加载成功，程序启动---正在加载必要功能---
2023-12-11 17:21:47,334 - 二维码小工具-v3.4-BUCTPJP[LSG].pyw[line:599] - <module> - INFO: ---帮助模块加载完成---
2023-12-11 17:21:47,334 - 二维码小工具-v3.4-BUCTPJP[LSG].pyw[line:602] - <module> - INFO: ---反馈模块加载完成---
2023-12-11 17:21:47,335 - 二维码小工具-v3.4-BUCTPJP[LSG].pyw[line:605] - <module> - INFO: ---WIFI码模块加载完成---
2023-12-11 17:21:47,335 - 二维码小工具-v3.4-BUCTPJP[LSG].pyw[line:607] - <module> - INFO: ---名片码模块加载完成---
2023-12-11 17:21:50,824 - 二维码小工具-v3.4-BUCTPJP[LSG].pyw[line:47] - produce - INFO: 用户选择 模式一
2023-12-11 17:21:50,957 - 二维码小工具-v3.4-BUCTPJP[LSG].pyw[line:331] - p_vew - INFO: ++创建临时文件夹++
2023-12-11 17:21:51,022 - 二维码小工具-v3.4-BUCTPJP[LSG].pyw[line:333] - p_vew - INFO: ++将图片保存为临时文件++
2023-12-11 17:21:51,024 - 二维码小工具-v3.4-BUCTPJP[LSG].pyw[line:337] - p_vew - INFO: ++清除临时文件夹++
2023-12-11 17:22:11,819 - 二维码小工具-v3.4-BUCTPJP[LSG].pyw[line:311] - save - INFO: D:\123.png保存完成-生成用时：0.13s
2023-12-11 17:22:16,219 - 二维码小工具-v3.4-BUCTPJP[LSG].pyw[line:47] - produce - INFO: 用户选择 模式一
2023-12-11 17:22:16,343 - 二维码小工具-v3.4-BUCTPJP[LSG].pyw[line:331] - p_vew - INFO: ++创建临时文件夹++
2023-12-11 17:22:16,360 - 二维码小工具-v3.4-BUCTPJP[LSG].pyw[line:333] - p_vew - INFO: ++将图片保存为临时文件++
2023-12-11 17:22:16,363 - 二维码小工具-v3.4-BUCTPJP[LSG].pyw[line:337] - p_vew - INFO: ++清除临时文件夹++
2023-12-11 17:22:27,471 - 二维码小工具-v3.4-BUCTPJP[LSG].pyw[line:307] - save - WARNING: 用户未选择路径退出
2023-12-26 12:44:15,144 - 二维码小工具-v3.4-BUCTPJP[LSG].pyw[line:602] - <module> - INFO: ---日志模块加载完成---
2023-12-26 12:44:15,145 - 二维码小工具-v3.4-BUCTPJP[LSG].pyw[line:603] - <module> - INFO: ---GUI加载成功，程序启动---正在加载必要功能---
2023-12-26 12:44:15,145 - 二维码小工具-v3.4-BUCTPJP[LSG].pyw[line:605] - <module> - INFO: ---帮助模块加载完成---
2023-12-26 12:44:15,145 - 二维码小工具-v3.4-BUCTPJP[LSG].pyw[line:608] - <module> - INFO: ---反馈模块加载完成---
2023-12-26 12:44:15,145 - 二维码小工具-v3.4-BUCTPJP[LSG].pyw[line:611] - <module> - INFO: ---WIFI码模块加载完成---
2023-12-26 12:44:15,145 - 二维码小工具-v3.4-BUCTPJP[LSG].pyw[line:613] - <module> - INFO: ---名片码模块加载完成---
2023-12-26 13:06:36,894 - 二维码小工具-v3.4-BUCTPJP[LSG].pyw[line:602] - <module> - INFO: ---日志模块加载完成---
2023-12-26 13:06:36,895 - 二维码小工具-v3.4-BUCTPJP[LSG].pyw[line:603] - <module> - INFO: ---GUI加载成功，程序启动---正在加载必要功能---
2023-12-26 13:06:36,895 - 二维码小工具-v3.4-BUCTPJP[LSG].pyw[line:605] - <module> - INFO: ---帮助模块加载完成---
2023-12-26 13:06:36,895 - 二维码小工具-v3.4-BUCTPJP[LSG].pyw[line:608] - <module> - INFO: ---反馈模块加载完成---
2023-12-26 13:06:36,895 - 二维码小工具-v3.4-BUCTPJP[LSG].pyw[line:611] - <module> - INFO: ---WIFI码模块加载完成---
2023-12-26 13:06:36,895 - 二维码小工具-v3.4-BUCTPJP[LSG].pyw[line:613] - <module> - INFO: ---名片码模块加载完成---
2023-12-26 13:06:41,856 - 二维码小工具-v3.4-BUCTPJP[LSG].pyw[line:381] - getwifi - INFO: 开始查找本机连接过WIFI信息
2023-12-26 13:06:45,582 - 二维码小工具-v3.4-BUCTPJP[LSG].pyw[line:396] - getwifi - INFO: 获取到8条WIFI信息
2023-12-26 13:07:13,326 - 二维码小工具-v3.4-BUCTPJP[LSG].pyw[line:347] - p_vew_1 - INFO: ++创建临时文件夹++
2023-12-26 13:07:13,329 - 二维码小工具-v3.4-BUCTPJP[LSG].pyw[line:349] - p_vew_1 - INFO: ++将图片保存为临时文件++
2023-12-26 13:07:13,330 - 二维码小工具-v3.4-BUCTPJP[LSG].pyw[line:354] - p_vew_1 - INFO: ++清除临时文件夹++
2023-12-26 13:09:33,214 - 二维码小工具-v3.4-BUCTPJP[LSG].pyw[line:601] - <module> - INFO: ---日志模块加载完成---
2023-12-26 13:09:33,214 - 二维码小工具-v3.4-BUCTPJP[LSG].pyw[line:602] - <module> - INFO: ---GUI加载成功，程序启动---正在加载必要功能---
2023-12-26 13:09:33,214 - 二维码小工具-v3.4-BUCTPJP[LSG].pyw[line:604] - <module> - INFO: ---帮助模块加载完成---
2023-12-26 13:09:33,214 - 二维码小工具-v3.4-BUCTPJP[LSG].pyw[line:607] - <module> - INFO: ---反馈模块加载完成---
2023-12-26 13:09:33,215 - 二维码小工具-v3.4-BUCTPJP[LSG].pyw[line:610] - <module> - INFO: ---WIFI码模块加载完成---
2023-12-26 13:09:33,215 - 二维码小工具-v3.4-BUCTPJP[LSG].pyw[line:612] - <module> - INFO: ---名片码模块加载完成---
2023-12-26 13:09:41,405 - 二维码小工具-v3.4-BUCTPJP[LSG].pyw[line:346] - p_vew_1 - INFO: ++创建临时文件夹++
2023-12-26 13:09:41,408 - 二维码小工具-v3.4-BUCTPJP[LSG].pyw[line:348] - p_vew_1 - INFO: ++将图片保存为临时文件++
2023-12-26 13:09:41,409 - 二维码小工具-v3.4-BUCTPJP[LSG].pyw[line:353] - p_vew_1 - INFO: ++清除临时文件夹++
2023-12-26 13:10:19,213 - 二维码小工具-v3.4-BUCTPJP[LSG].pyw[line:601] - <module> - INFO: ---日志模块加载完成---
2023-12-26 13:10:19,214 - 二维码小工具-v3.4-BUCTPJP[LSG].pyw[line:602] - <module> - INFO: ---GUI加载成功，程序启动---正在加载必要功能---
2023-12-26 13:10:19,214 - 二维码小工具-v3.4-BUCTPJP[LSG].pyw[line:604] - <module> - INFO: ---帮助模块加载完成---
2023-12-26 13:10:19,214 - 二维码小工具-v3.4-BUCTPJP[LSG].pyw[line:607] - <module> - INFO: ---反馈模块加载完成---
2023-12-26 13:10:19,214 - 二维码小工具-v3.4-BUCTPJP[LSG].pyw[line:610] - <module> - INFO: ---WIFI码模块加载完成---
2023-12-26 13:10:19,214 - 二维码小工具-v3.4-BUCTPJP[LSG].pyw[line:612] - <module> - INFO: ---名片码模块加载完成---
2023-12-26 13:10:28,137 - 二维码小工具-v3.4-BUCTPJP[LSG].pyw[line:346] - p_vew_1 - INFO: ++创建临时文件夹++
2023-12-26 13:10:28,141 - 二维码小工具-v3.4-BUCTPJP[LSG].pyw[line:348] - p_vew_1 - INFO: ++将图片保存为临时文件++
2023-12-26 13:10:28,142 - 二维码小工具-v3.4-BUCTPJP[LSG].pyw[line:353] - p_vew_1 - INFO: ++清除临时文件夹++
2023-12-26 13:11:19,517 - 二维码小工具-v3.4-BUCTPJP[LSG].pyw[line:601] - <module> - INFO: ---日志模块加载完成---
2023-12-26 13:11:19,517 - 二维码小工具-v3.4-BUCTPJP[LSG].pyw[line:602] - <module> - INFO: ---GUI加载成功，程序启动---正在加载必要功能---
2023-12-26 13:11:19,518 - 二维码小工具-v3.4-BUCTPJP[LSG].pyw[line:604] - <module> - INFO: ---帮助模块加载完成---
2023-12-26 13:11:19,518 - 二维码小工具-v3.4-BUCTPJP[LSG].pyw[line:607] - <module> - INFO: ---反馈模块加载完成---
2023-12-26 13:11:19,518 - 二维码小工具-v3.4-BUCTPJP[LSG].pyw[line:610] - <module> - INFO: ---WIFI码模块加载完成---
2023-12-26 13:11:19,518 - 二维码小工具-v3.4-BUCTPJP[LSG].pyw[line:612] - <module> - INFO: ---名片码模块加载完成---
2023-12-26 13:11:26,044 - 二维码小工具-v3.4-BUCTPJP[LSG].pyw[line:346] - p_vew_1 - INFO: ++创建临时文件夹++
2023-12-26 13:11:26,047 - 二维码小工具-v3.4-BUCTPJP[LSG].pyw[line:348] - p_vew_1 - INFO: ++将图片保存为临时文件++
2023-12-26 13:11:26,047 - 二维码小工具-v3.4-BUCTPJP[LSG].pyw[line:353] - p_vew_1 - INFO: ++清除临时文件夹++
2023-12-26 13:11:35,696 - 二维码小工具-v3.4-BUCTPJP[LSG].pyw[line:330] - save_1 - INFO: E:\桌面\123456.png保存完成-
2023-12-26 13:11:54,188 - 二维码小工具-v3.4-BUCTPJP[LSG].pyw[line:601] - <module> - INFO: ---日志模块加载完成---
2023-12-26 13:11:54,189 - 二维码小工具-v3.4-BUCTPJP[LSG].pyw[line:602] - <module> - INFO: ---GUI加载成功，程序启动---正在加载必要功能---
2023-12-26 13:11:54,189 - 二维码小工具-v3.4-BUCTPJP[LSG].pyw[line:604] - <module> - INFO: ---帮助模块加载完成---
2023-12-26 13:11:54,189 - 二维码小工具-v3.4-BUCTPJP[LSG].pyw[line:607] - <module> - INFO: ---反馈模块加载完成---
2023-12-26 13:11:54,189 - 二维码小工具-v3.4-BUCTPJP[LSG].pyw[line:610] - <module> - INFO: ---WIFI码模块加载完成---
2023-12-26 13:11:54,189 - 二维码小工具-v3.4-BUCTPJP[LSG].pyw[line:612] - <module> - INFO: ---名片码模块加载完成---
2023-12-26 13:11:59,900 - 二维码小工具-v3.4-BUCTPJP[LSG].pyw[line:346] - p_vew_1 - INFO: ++创建临时文件夹++
2023-12-26 13:11:59,903 - 二维码小工具-v3.4-BUCTPJP[LSG].pyw[line:348] - p_vew_1 - INFO: ++将图片保存为临时文件++
2023-12-26 13:11:59,904 - 二维码小工具-v3.4-BUCTPJP[LSG].pyw[line:353] - p_vew_1 - INFO: ++清除临时文件夹++
2023-12-26 13:12:04,558 - 二维码小工具-v3.4-BUCTPJP[LSG].pyw[line:330] - save_1 - INFO: E:\桌面\123456.png保存完成-
2023-12-26 13:12:15,466 - 二维码小工具-v3.4-BUCTPJP[LSG].pyw[line:357] - p_vew_2 - INFO: ++创建临时文件夹++
2023-12-26 13:12:15,468 - 二维码小工具-v3.4-BUCTPJP[LSG].pyw[line:359] - p_vew_2 - INFO: ++将图片保存为临时文件++
2023-12-26 13:12:15,469 - 二维码小工具-v3.4-BUCTPJP[LSG].pyw[line:364] - p_vew_2 - INFO: ++清除临时文件夹++
2023-12-26 13:12:21,152 - 二维码小工具-v3.4-BUCTPJP[LSG].pyw[line:330] - save_1 - INFO: E:\桌面\654321.png保存完成-
2023-12-26 13:12:54,737 - 二维码小工具-v3.4-BUCTPJP[LSG].pyw[line:601] - <module> - INFO: ---日志模块加载完成---
2023-12-26 13:12:54,737 - 二维码小工具-v3.4-BUCTPJP[LSG].pyw[line:602] - <module> - INFO: ---GUI加载成功，程序启动---正在加载必要功能---
2023-12-26 13:12:54,737 - 二维码小工具-v3.4-BUCTPJP[LSG].pyw[line:604] - <module> - INFO: ---帮助模块加载完成---
2023-12-26 13:12:54,737 - 二维码小工具-v3.4-BUCTPJP[LSG].pyw[line:607] - <module> - INFO: ---反馈模块加载完成---
2023-12-26 13:12:54,737 - 二维码小工具-v3.4-BUCTPJP[LSG].pyw[line:610] - <module> - INFO: ---WIFI码模块加载完成---
2023-12-26 13:12:54,737 - 二维码小工具-v3.4-BUCTPJP[LSG].pyw[line:612] - <module> - INFO: ---名片码模块加载完成---
2023-12-26 13:13:35,810 - 二维码小工具-v3.4-BUCTPJP[LSG].pyw[line:47] - produce - INFO: 用户选择 模式一
2023-12-26 13:13:35,912 - 二维码小工具-v3.4-BUCTPJP[LSG].pyw[line:336] - p_vew - INFO: ++创建临时文件夹++
2023-12-26 13:13:35,964 - 二维码小工具-v3.4-BUCTPJP[LSG].pyw[line:338] - p_vew - INFO: ++将图片保存为临时文件++
2023-12-26 13:13:35,966 - 二维码小工具-v3.4-BUCTPJP[LSG].pyw[line:342] - p_vew - INFO: ++清除临时文件夹++
2023-12-26 13:13:45,820 - 二维码小工具-v3.4-BUCTPJP[LSG].pyw[line:311] - save - INFO: E:\桌面\11111.png保存完成-生成用时：0.10s
2023-12-26 13:13:51,992 - 二维码小工具-v3.4-BUCTPJP[LSG].pyw[line:84] - logo - INFO: 用户选择 模式一
2023-12-26 13:13:55,122 - PngImagePlugin.py[line:201] - call - DEBUG: STREAM b'IHDR' 16 13
2023-12-26 13:13:55,122 - PngImagePlugin.py[line:201] - call - DEBUG: STREAM b'IDAT' 41 178
2023-12-26 13:13:55,182 - 二维码小工具-v3.4-BUCTPJP[LSG].pyw[line:336] - p_vew - INFO: ++创建临时文件夹++
2023-12-26 13:13:55,197 - 二维码小工具-v3.4-BUCTPJP[LSG].pyw[line:338] - p_vew - INFO: ++将图片保存为临时文件++
2023-12-26 13:13:55,199 - 二维码小工具-v3.4-BUCTPJP[LSG].pyw[line:342] - p_vew - INFO: ++清除临时文件夹++
2023-12-26 13:13:57,065 - 二维码小工具-v3.4-BUCTPJP[LSG].pyw[line:156] - bg - INFO: 用户选择 模式一
2023-12-26 13:14:03,662 - PngImagePlugin.py[line:201] - call - DEBUG: STREAM b'IHDR' 16 13
2023-12-26 13:14:03,662 - PngImagePlugin.py[line:201] - call - DEBUG: STREAM b'sRGB' 41 1
2023-12-26 13:14:03,662 - PngImagePlugin.py[line:201] - call - DEBUG: STREAM b'IDAT' 54 8192
2023-12-26 13:14:03,772 - 二维码小工具-v3.4-BUCTPJP[LSG].pyw[line:336] - p_vew - INFO: ++创建临时文件夹++
2023-12-26 13:14:03,803 - 二维码小工具-v3.4-BUCTPJP[LSG].pyw[line:338] - p_vew - INFO: ++将图片保存为临时文件++
2023-12-26 13:14:03,806 - 二维码小工具-v3.4-BUCTPJP[LSG].pyw[line:342] - p_vew - INFO: ++清除临时文件夹++
2023-12-26 13:14:10,832 - 二维码小工具-v3.4-BUCTPJP[LSG].pyw[line:311] - save - INFO: E:\桌面\22222.png保存完成-生成用时：0.17s
2023-12-26 13:14:21,522 - 二维码小工具-v3.4-BUCTPJP[LSG].pyw[line:311] - save - INFO: E:\桌面\33333.png保存完成-生成用时：0.17s
2023-12-26 13:14:24,178 - 二维码小工具-v3.4-BUCTPJP[LSG].pyw[line:113] - logo - INFO: 用户选择 模式二
2023-12-26 13:14:27,869 - PngImagePlugin.py[line:201] - call - DEBUG: STREAM b'IHDR' 16 13
2023-12-26 13:14:27,869 - PngImagePlugin.py[line:201] - call - DEBUG: STREAM b'IDAT' 41 65536
2023-12-26 13:14:27,873 - 二维码小工具-v3.4-BUCTPJP[LSG].pyw[line:336] - p_vew - INFO: ++创建临时文件夹++
2023-12-26 13:14:27,886 - 二维码小工具-v3.4-BUCTPJP[LSG].pyw[line:338] - p_vew - INFO: ++将图片保存为临时文件++
2023-12-26 13:14:27,888 - 二维码小工具-v3.4-BUCTPJP[LSG].pyw[line:342] - p_vew - INFO: ++清除临时文件夹++
2023-12-26 13:14:36,062 - 二维码小工具-v3.4-BUCTPJP[LSG].pyw[line:113] - logo - INFO: 用户选择 模式二
2023-12-26 13:14:40,118 - PngImagePlugin.py[line:201] - call - DEBUG: STREAM b'IHDR' 16 13
2023-12-26 13:14:40,118 - PngImagePlugin.py[line:201] - call - DEBUG: STREAM b'IDAT' 41 178
2023-12-26 13:14:40,119 - 二维码小工具-v3.4-BUCTPJP[LSG].pyw[line:336] - p_vew - INFO: ++创建临时文件夹++
2023-12-26 13:14:40,132 - 二维码小工具-v3.4-BUCTPJP[LSG].pyw[line:338] - p_vew - INFO: ++将图片保存为临时文件++
2023-12-26 13:14:40,134 - 二维码小工具-v3.4-BUCTPJP[LSG].pyw[line:342] - p_vew - INFO: ++清除临时文件夹++
2023-12-26 13:14:45,481 - 二维码小工具-v3.4-BUCTPJP[LSG].pyw[line:311] - save - INFO: E:\桌面\33333.png保存完成-生成用时：0.06s
2023-12-26 13:14:58,527 - PngImagePlugin.py[line:201] - call - DEBUG: STREAM b'IHDR' 16 13
2023-12-26 13:14:58,527 - PngImagePlugin.py[line:201] - call - DEBUG: STREAM b'IDAT' 41 7322
2023-12-26 13:14:58,531 - 二维码小工具-v3.4-BUCTPJP[LSG].pyw[line:336] - p_vew - INFO: ++创建临时文件夹++
2023-12-26 13:14:58,545 - 二维码小工具-v3.4-BUCTPJP[LSG].pyw[line:338] - p_vew - INFO: ++将图片保存为临时文件++
2023-12-26 13:14:58,547 - 二维码小工具-v3.4-BUCTPJP[LSG].pyw[line:342] - p_vew - INFO: ++清除临时文件夹++
2023-12-26 13:14:58,555 - 二维码小工具-v3.4-BUCTPJP[LSG].pyw[line:290] - parse - INFO: [Decoded(data=b'\xe7\x83\xad\xe7\x83\xad\xe7\x83\xad', type='QRCODE', rect=Rect(left=9, top=9, width=294, height=294), polygon=[Point(x=9, y=9), Point(x=9, y=303), Point(x=303, y=303), Point(x=303, y=9)], quality=1, orientation=None)]
2023-12-26 13:15:21,812 - PngImagePlugin.py[line:201] - call - DEBUG: STREAM b'IHDR' 16 13
2023-12-26 13:15:21,813 - PngImagePlugin.py[line:201] - call - DEBUG: STREAM b'IDAT' 41 65536
2023-12-26 13:15:21,817 - 二维码小工具-v3.4-BUCTPJP[LSG].pyw[line:336] - p_vew - INFO: ++创建临时文件夹++
2023-12-26 13:15:21,847 - 二维码小工具-v3.4-BUCTPJP[LSG].pyw[line:338] - p_vew - INFO: ++将图片保存为临时文件++
2023-12-26 13:15:21,851 - 二维码小工具-v3.4-BUCTPJP[LSG].pyw[line:342] - p_vew - INFO: ++清除临时文件夹++
2023-12-26 13:15:21,863 - 二维码小工具-v3.4-BUCTPJP[LSG].pyw[line:290] - parse - INFO: []
2023-12-26 13:15:57,751 - 二维码小工具-v3.4-BUCTPJP[LSG].pyw[line:601] - <module> - INFO: ---日志模块加载完成---
2023-12-26 13:15:57,752 - 二维码小工具-v3.4-BUCTPJP[LSG].pyw[line:602] - <module> - INFO: ---GUI加载成功，程序启动---正在加载必要功能---
2023-12-26 13:15:57,752 - 二维码小工具-v3.4-BUCTPJP[LSG].pyw[line:604] - <module> - INFO: ---帮助模块加载完成---
2023-12-26 13:15:57,752 - 二维码小工具-v3.4-BUCTPJP[LSG].pyw[line:607] - <module> - INFO: ---反馈模块加载完成---
2023-12-26 13:15:57,753 - 二维码小工具-v3.4-BUCTPJP[LSG].pyw[line:610] - <module> - INFO: ---WIFI码模块加载完成---
2023-12-26 13:15:57,753 - 二维码小工具-v3.4-BUCTPJP[LSG].pyw[line:612] - <module> - INFO: ---名片码模块加载完成---
2023-12-26 13:16:17,618 - 二维码小工具-v3.4-BUCTPJP[LSG].pyw[line:336] - p_vew - INFO: ++创建临时文件夹++
2023-12-26 13:16:17,670 - 二维码小工具-v3.4-BUCTPJP[LSG].pyw[line:338] - p_vew - INFO: ++将图片保存为临时文件++
2023-12-26 13:16:17,673 - 二维码小工具-v3.4-BUCTPJP[LSG].pyw[line:342] - p_vew - INFO: ++清除临时文件夹++
2023-12-26 13:16:17,706 - 二维码小工具-v3.4-BUCTPJP[LSG].pyw[line:290] - parse - INFO: []
2023-12-26 13:16:28,260 - PngImagePlugin.py[line:201] - call - DEBUG: STREAM b'IHDR' 16 13
2023-12-26 13:16:28,261 - PngImagePlugin.py[line:201] - call - DEBUG: STREAM b'IDAT' 41 178
2023-12-26 13:51:22,041 - 二维码小工具-v3.4-BUCTPJP[LSG].pyw[line:601] - <module> - INFO: ---日志模块加载完成---
2023-12-26 13:51:22,041 - 二维码小工具-v3.4-BUCTPJP[LSG].pyw[line:602] - <module> - INFO: ---GUI加载成功，程序启动---正在加载必要功能---
2023-12-26 13:51:22,043 - 二维码小工具-v3.4-BUCTPJP[LSG].pyw[line:604] - <module> - INFO: ---帮助模块加载完成---
2023-12-26 13:51:22,043 - 二维码小工具-v3.4-BUCTPJP[LSG].pyw[line:607] - <module> - INFO: ---反馈模块加载完成---
2023-12-26 13:51:22,043 - 二维码小工具-v3.4-BUCTPJP[LSG].pyw[line:610] - <module> - INFO: ---WIFI码模块加载完成---
2023-12-26 13:51:22,043 - 二维码小工具-v3.4-BUCTPJP[LSG].pyw[line:612] - <module> - INFO: ---名片码模块加载完成---
2023-12-26 13:51:29,397 - 二维码小工具-v3.4-BUCTPJP[LSG].pyw[line:267] - parse - WARNING: 用户未选择图片退出
2024-02-01 18:25:45,386 - 二维码小工具-v3.4-BUCTPJP[LSG].pyw[line:601] - <module> - INFO: ---日志模块加载完成---
2024-02-01 18:25:45,387 - 二维码小工具-v3.4-BUCTPJP[LSG].pyw[line:602] - <module> - INFO: ---GUI加载成功，程序启动---正在加载必要功能---
2024-02-01 18:25:45,387 - 二维码小工具-v3.4-BUCTPJP[LSG].pyw[line:604] - <module> - INFO: ---帮助模块加载完成---
2024-02-01 18:25:45,388 - 二维码小工具-v3.4-BUCTPJP[LSG].pyw[line:607] - <module> - INFO: ---反馈模块加载完成---
2024-02-01 18:25:45,388 - 二维码小工具-v3.4-BUCTPJP[LSG].pyw[line:610] - <module> - INFO: ---WIFI码模块加载完成---
2024-02-01 18:25:45,388 - 二维码小工具-v3.4-BUCTPJP[LSG].pyw[line:612] - <module> - INFO: ---名片码模块加载完成---
2024-02-01 18:25:50,446 - 二维码小工具-v3.4-BUCTPJP[LSG].pyw[line:380] - getwifi - INFO: 开始查找本机连接过WIFI信息
2024-02-01 18:25:54,731 - 二维码小工具-v3.4-BUCTPJP[LSG].pyw[line:395] - getwifi - INFO: 获取到8条WIFI信息
2024-02-01 18:26:12,988 - 二维码小工具-v3.4-BUCTPJP[LSG].pyw[line:346] - p_vew_1 - INFO: ++创建临时文件夹++
2024-02-01 18:26:12,991 - 二维码小工具-v3.4-BUCTPJP[LSG].pyw[line:348] - p_vew_1 - INFO: ++将图片保存为临时文件++
2024-02-01 18:26:12,992 - 二维码小工具-v3.4-BUCTPJP[LSG].pyw[line:353] - p_vew_1 - INFO: ++清除临时文件夹++
2024-02-02 12:45:21,774 - 二维码小工具-v3.4-BUCTPJP[LSG].pyw[line:601] - <module> - INFO: ---日志模块加载完成---
2024-02-02 12:45:21,775 - 二维码小工具-v3.4-BUCTPJP[LSG].pyw[line:602] - <module> - INFO: ---GUI加载成功，程序启动---正在加载必要功能---
2024-02-02 12:45:21,775 - 二维码小工具-v3.4-BUCTPJP[LSG].pyw[line:604] - <module> - INFO: ---帮助模块加载完成---
2024-02-02 12:45:21,775 - 二维码小工具-v3.4-BUCTPJP[LSG].pyw[line:607] - <module> - INFO: ---反馈模块加载完成---
2024-02-02 12:45:21,775 - 二维码小工具-v3.4-BUCTPJP[LSG].pyw[line:610] - <module> - INFO: ---WIFI码模块加载完成---
2024-02-02 12:45:21,775 - 二维码小工具-v3.4-BUCTPJP[LSG].pyw[line:612] - <module> - INFO: ---名片码模块加载完成---
2024-02-02 12:45:31,068 - 二维码小工具-v3.4-BUCTPJP[LSG].pyw[line:380] - getwifi - INFO: 开始查找本机连接过WIFI信息
2024-02-02 12:45:34,364 - 二维码小工具-v3.4-BUCTPJP[LSG].pyw[line:395] - getwifi - INFO: 获取到8条WIFI信息
2024-02-02 12:45:49,598 - 二维码小工具-v3.4-BUCTPJP[LSG].pyw[line:346] - p_vew_1 - INFO: ++创建临时文件夹++
2024-02-02 12:45:49,599 - 二维码小工具-v3.4-BUCTPJP[LSG].pyw[line:348] - p_vew_1 - INFO: ++将图片保存为临时文件++
2024-02-02 12:45:49,600 - 二维码小工具-v3.4-BUCTPJP[LSG].pyw[line:353] - p_vew_1 - INFO: ++清除临时文件夹++
2024-02-02 12:46:02,107 - 二维码小工具-v3.4-BUCTPJP[LSG].pyw[line:330] - save_1 - INFO: E:\桌面\jia.png保存完成-
2024-02-05 09:06:37,889 - 二维码小工具-v3.4-BUCTPJP[LSG].pyw[line:601] - <module> - INFO: ---日志模块加载完成---
2024-02-05 09:06:37,890 - 二维码小工具-v3.4-BUCTPJP[LSG].pyw[line:602] - <module> - INFO: ---GUI加载成功，程序启动---正在加载必要功能---
2024-02-05 09:06:37,890 - 二维码小工具-v3.4-BUCTPJP[LSG].pyw[line:604] - <module> - INFO: ---帮助模块加载完成---
2024-02-05 09:06:37,891 - 二维码小工具-v3.4-BUCTPJP[LSG].pyw[line:607] - <module> - INFO: ---反馈模块加载完成---
2024-02-05 09:06:37,891 - 二维码小工具-v3.4-BUCTPJP[LSG].pyw[line:610] - <module> - INFO: ---WIFI码模块加载完成---
2024-02-05 09:06:37,891 - 二维码小工具-v3.4-BUCTPJP[LSG].pyw[line:612] - <module> - INFO: ---名片码模块加载完成---
2024-02-05 09:06:42,795 - 二维码小工具-v3.4-BUCTPJP[LSG].pyw[line:380] - getwifi - INFO: 开始查找本机连接过WIFI信息
2024-02-05 09:06:46,181 - 二维码小工具-v3.4-BUCTPJP[LSG].pyw[line:395] - getwifi - INFO: 获取到8条WIFI信息
2024-02-05 09:07:02,146 - 二维码小工具-v3.4-BUCTPJP[LSG].pyw[line:346] - p_vew_1 - INFO: ++创建临时文件夹++
2024-02-05 09:07:02,149 - 二维码小工具-v3.4-BUCTPJP[LSG].pyw[line:348] - p_vew_1 - INFO: ++将图片保存为临时文件++
2024-02-05 09:07:02,151 - 二维码小工具-v3.4-BUCTPJP[LSG].pyw[line:353] - p_vew_1 - INFO: ++清除临时文件夹++
2024-02-05 09:07:15,084 - 二维码小工具-v3.4-BUCTPJP[LSG].pyw[line:330] - save_1 - INFO: E:\桌面\wifi.png保存完成-
2024-03-10 11:31:20,808 - 二维码小工具-v3.4-BUCTPJP[LSG].pyw[line:601] - <module> - INFO: ---日志模块加载完成---
2024-03-10 11:31:20,809 - 二维码小工具-v3.4-BUCTPJP[LSG].pyw[line:602] - <module> - INFO: ---GUI加载成功，程序启动---正在加载必要功能---
2024-03-10 11:31:20,809 - 二维码小工具-v3.4-BUCTPJP[LSG].pyw[line:604] - <module> - INFO: ---帮助模块加载完成---
2024-03-10 11:31:20,809 - 二维码小工具-v3.4-BUCTPJP[LSG].pyw[line:607] - <module> - INFO: ---反馈模块加载完成---
2024-03-10 11:31:20,809 - 二维码小工具-v3.4-BUCTPJP[LSG].pyw[line:610] - <module> - INFO: ---WIFI码模块加载完成---
2024-03-10 11:31:20,809 - 二维码小工具-v3.4-BUCTPJP[LSG].pyw[line:612] - <module> - INFO: ---名片码模块加载完成---
2024-03-10 11:31:26,092 - 二维码小工具-v3.4-BUCTPJP[LSG].pyw[line:380] - getwifi - INFO: 开始查找本机连接过WIFI信息
2024-03-10 11:31:29,909 - 二维码小工具-v3.4-BUCTPJP[LSG].pyw[line:395] - getwifi - INFO: 获取到9条WIFI信息
2024-03-26 14:34:55,494 - 二维码小工具-v3.4-BUCTPJP[LSG].pyw[line:601] - <module> - INFO: ---日志模块加载完成---
2024-03-26 14:34:55,495 - 二维码小工具-v3.4-BUCTPJP[LSG].pyw[line:602] - <module> - INFO: ---GUI加载成功，程序启动---正在加载必要功能---
2024-03-26 14:34:55,495 - 二维码小工具-v3.4-BUCTPJP[LSG].pyw[line:604] - <module> - INFO: ---帮助模块加载完成---
2024-03-26 14:34:55,495 - 二维码小工具-v3.4-BUCTPJP[LSG].pyw[line:607] - <module> - INFO: ---反馈模块加载完成---
2024-03-26 14:34:55,495 - 二维码小工具-v3.4-BUCTPJP[LSG].pyw[line:610] - <module> - INFO: ---WIFI码模块加载完成---
2024-03-26 14:34:55,495 - 二维码小工具-v3.4-BUCTPJP[LSG].pyw[line:612] - <module> - INFO: ---名片码模块加载完成---
2024-03-26 14:38:24,242 - 二维码小工具-v3.4-BUCTPJP[LSG].pyw[line:47] - produce - INFO: 用户选择 模式一
2024-03-26 14:38:24,371 - 二维码小工具-v3.4-BUCTPJP[LSG].pyw[line:336] - p_vew - INFO: ++创建临时文件夹++
2024-03-26 14:38:24,426 - 二维码小工具-v3.4-BUCTPJP[LSG].pyw[line:338] - p_vew - INFO: ++将图片保存为临时文件++
2024-03-26 14:38:24,429 - 二维码小工具-v3.4-BUCTPJP[LSG].pyw[line:342] - p_vew - INFO: ++清除临时文件夹++
2024-03-26 14:38:44,058 - 二维码小工具-v3.4-BUCTPJP[LSG].pyw[line:311] - save - INFO: E:\桌面\2.jpg保存完成-生成用时：0.13s
2024-03-26 14:40:29,678 - 二维码小工具-v3.4-BUCTPJP[LSG].pyw[line:380] - getwifi - INFO: 开始查找本机连接过WIFI信息
2024-03-26 14:40:32,980 - 二维码小工具-v3.4-BUCTPJP[LSG].pyw[line:395] - getwifi - INFO: 获取到9条WIFI信息
2024-03-26 14:40:49,359 - 二维码小工具-v3.4-BUCTPJP[LSG].pyw[line:346] - p_vew_1 - INFO: ++创建临时文件夹++
2024-03-26 14:40:49,362 - 二维码小工具-v3.4-BUCTPJP[LSG].pyw[line:348] - p_vew_1 - INFO: ++将图片保存为临时文件++
2024-03-26 14:40:49,362 - 二维码小工具-v3.4-BUCTPJP[LSG].pyw[line:353] - p_vew_1 - INFO: ++清除临时文件夹++
2024-03-26 14:46:49,796 - 二维码小工具-v3.4-BUCTPJP[LSG].pyw[line:619] - <module> - INFO: ---日志模块加载完成---
2024-03-26 14:46:49,797 - 二维码小工具-v3.4-BUCTPJP[LSG].pyw[line:620] - <module> - INFO: ---GUI加载成功，程序启动---正在加载必要功能---
2024-03-26 14:46:49,797 - 二维码小工具-v3.4-BUCTPJP[LSG].pyw[line:622] - <module> - INFO: ---帮助模块加载完成---
2024-03-26 14:46:49,797 - 二维码小工具-v3.4-BUCTPJP[LSG].pyw[line:625] - <module> - INFO: ---反馈模块加载完成---
2024-03-26 14:46:49,798 - 二维码小工具-v3.4-BUCTPJP[LSG].pyw[line:628] - <module> - INFO: ---WIFI码模块加载完成---
2024-03-26 14:46:49,798 - 二维码小工具-v3.4-BUCTPJP[LSG].pyw[line:630] - <module> - INFO: ---名片码模块加载完成---
2024-03-26 14:47:00,410 - 二维码小工具-v3.4-BUCTPJP[LSG].pyw[line:63] - produce - ERROR: 用户未选择生成模式
2024-03-26 14:47:04,447 - 二维码小工具-v3.4-BUCTPJP[LSG].pyw[line:398] - getwifi - INFO: 开始查找本机连接过WIFI信息
2024-03-26 14:47:07,788 - 二维码小工具-v3.4-BUCTPJP[LSG].pyw[line:413] - getwifi - INFO: 获取到9条WIFI信息
2024-03-26 14:47:12,894 - 二维码小工具-v3.4-BUCTPJP[LSG].pyw[line:364] - p_vew_1 - INFO: ++创建临时文件夹++
2024-03-26 14:47:12,897 - 二维码小工具-v3.4-BUCTPJP[LSG].pyw[line:366] - p_vew_1 - INFO: ++将图片保存为临时文件++
2024-03-26 14:47:12,898 - 二维码小工具-v3.4-BUCTPJP[LSG].pyw[line:371] - p_vew_1 - INFO: ++清除临时文件夹++
2024-03-26 14:47:22,146 - 二维码小工具-v3.4-BUCTPJP[LSG].pyw[line:329] - save_1 - INFO: E:\桌面\1.png保存完成-
2024-03-26 14:48:09,407 - 二维码小工具-v3.4-BUCTPJP[LSG].pyw[line:618] - <module> - INFO: ---日志模块加载完成---
2024-03-26 14:48:09,408 - 二维码小工具-v3.4-BUCTPJP[LSG].pyw[line:619] - <module> - INFO: ---GUI加载成功，程序启动---正在加载必要功能---
2024-03-26 14:48:09,408 - 二维码小工具-v3.4-BUCTPJP[LSG].pyw[line:621] - <module> - INFO: ---帮助模块加载完成---
2024-03-26 14:48:09,408 - 二维码小工具-v3.4-BUCTPJP[LSG].pyw[line:624] - <module> - INFO: ---反馈模块加载完成---
2024-03-26 14:48:09,408 - 二维码小工具-v3.4-BUCTPJP[LSG].pyw[line:627] - <module> - INFO: ---WIFI码模块加载完成---
2024-03-26 14:48:09,408 - 二维码小工具-v3.4-BUCTPJP[LSG].pyw[line:629] - <module> - INFO: ---名片码模块加载完成---
2024-03-26 14:48:16,100 - 二维码小工具-v3.4-BUCTPJP[LSG].pyw[line:363] - p_vew_1 - INFO: ++创建临时文件夹++
2024-03-26 14:48:16,103 - 二维码小工具-v3.4-BUCTPJP[LSG].pyw[line:365] - p_vew_1 - INFO: ++将图片保存为临时文件++
2024-03-26 14:48:16,104 - 二维码小工具-v3.4-BUCTPJP[LSG].pyw[line:370] - p_vew_1 - INFO: ++清除临时文件夹++
2024-03-26 14:48:23,689 - 二维码小工具-v3.4-BUCTPJP[LSG].pyw[line:328] - save_1 - INFO: E:\桌面\1.svg保存完成-
2024-03-26 14:48:41,249 - 二维码小工具-v3.4-BUCTPJP[LSG].pyw[line:374] - p_vew_2 - INFO: ++创建临时文件夹++
2024-03-26 14:48:41,254 - 二维码小工具-v3.4-BUCTPJP[LSG].pyw[line:376] - p_vew_2 - INFO: ++将图片保存为临时文件++
2024-03-26 14:48:41,255 - 二维码小工具-v3.4-BUCTPJP[LSG].pyw[line:381] - p_vew_2 - INFO: ++清除临时文件夹++
2024-03-26 14:49:45,432 - 二维码小工具-v3.4-BUCTPJP[LSG].pyw[line:599] - <module> - INFO: ---日志模块加载完成---
2024-03-26 14:49:45,432 - 二维码小工具-v3.4-BUCTPJP[LSG].pyw[line:600] - <module> - INFO: ---GUI加载成功，程序启动---正在加载必要功能---
2024-03-26 14:49:45,433 - 二维码小工具-v3.4-BUCTPJP[LSG].pyw[line:602] - <module> - INFO: ---帮助模块加载完成---
2024-03-26 14:49:45,433 - 二维码小工具-v3.4-BUCTPJP[LSG].pyw[line:605] - <module> - INFO: ---反馈模块加载完成---
2024-03-26 14:49:45,433 - 二维码小工具-v3.4-BUCTPJP[LSG].pyw[line:608] - <module> - INFO: ---WIFI码模块加载完成---
2024-03-26 14:49:45,433 - 二维码小工具-v3.4-BUCTPJP[LSG].pyw[line:610] - <module> - INFO: ---名片码模块加载完成---
2024-03-26 14:49:53,758 - 二维码小工具-v3.4-BUCTPJP[LSG].pyw[line:355] - p_vew_2 - INFO: ++创建临时文件夹++
2024-03-26 14:49:53,762 - 二维码小工具-v3.4-BUCTPJP[LSG].pyw[line:357] - p_vew_2 - INFO: ++将图片保存为临时文件++
2024-03-26 14:49:53,762 - 二维码小工具-v3.4-BUCTPJP[LSG].pyw[line:362] - p_vew_2 - INFO: ++清除临时文件夹++
2024-03-26 14:50:03,678 - 二维码小工具-v3.4-BUCTPJP[LSG].pyw[line:328] - save_1 - INFO: E:\桌面\3.svg保存完成-
2024-03-26 14:57:50,764 - 二维码小工具-v3.4-BUCTPJP[LSG].pyw[line:599] - <module> - INFO: ---日志模块加载完成---
2024-03-26 14:57:50,764 - 二维码小工具-v3.4-BUCTPJP[LSG].pyw[line:600] - <module> - INFO: ---GUI加载成功，程序启动---正在加载必要功能---
2024-03-26 14:57:50,764 - 二维码小工具-v3.4-BUCTPJP[LSG].pyw[line:602] - <module> - INFO: ---帮助模块加载完成---
2024-03-26 14:57:50,764 - 二维码小工具-v3.4-BUCTPJP[LSG].pyw[line:605] - <module> - INFO: ---反馈模块加载完成---
2024-03-26 14:57:50,765 - 二维码小工具-v3.4-BUCTPJP[LSG].pyw[line:608] - <module> - INFO: ---WIFI码模块加载完成---
2024-03-26 14:57:50,765 - 二维码小工具-v3.4-BUCTPJP[LSG].pyw[line:610] - <module> - INFO: ---名片码模块加载完成---
2024-03-26 14:57:59,022 - 二维码小工具-v3.4-BUCTPJP[LSG].pyw[line:344] - p_vew_1 - INFO: ++创建临时文件夹++
2024-03-26 14:57:59,025 - 二维码小工具-v3.4-BUCTPJP[LSG].pyw[line:346] - p_vew_1 - INFO: ++将图片保存为临时文件++
2024-03-26 14:57:59,026 - 二维码小工具-v3.4-BUCTPJP[LSG].pyw[line:351] - p_vew_1 - INFO: ++清除临时文件夹++
2024-03-26 14:58:07,759 - 二维码小工具-v3.4-BUCTPJP[LSG].pyw[line:328] - save_1 - INFO: E:\桌面\2.png保存完成-
2024-03-26 14:58:37,856 - 二维码小工具-v3.4-BUCTPJP[LSG].pyw[line:355] - p_vew_2 - INFO: ++创建临时文件夹++
2024-03-26 14:58:37,859 - 二维码小工具-v3.4-BUCTPJP[LSG].pyw[line:357] - p_vew_2 - INFO: ++将图片保存为临时文件++
2024-03-26 14:58:37,860 - 二维码小工具-v3.4-BUCTPJP[LSG].pyw[line:362] - p_vew_2 - INFO: ++清除临时文件夹++
2024-03-26 14:58:46,359 - 二维码小工具-v3.4-BUCTPJP[LSG].pyw[line:328] - save_1 - INFO: E:\桌面\3.svg保存完成-
